2022-05-16 15:06:47 0 [Note] InnoDB: Mutexes and rw_locks use Windows interlocked functions
2022-05-16 15:06:47 0 [Note] InnoDB: Uses event mutexes
2022-05-16 15:06:47 0 [Note] InnoDB: Compressed tables use zlib 1.2.11
2022-05-16 15:06:47 0 [Note] InnoDB: Number of pools: 1
2022-05-16 15:06:47 0 [Note] InnoDB: Using SSE2 crc32 instructions
2022-05-16 15:06:47 0 [Note] InnoDB: Initializing buffer pool, total size = 16M, instances = 1, chunk size = 16M
2022-05-16 15:06:47 0 [Note] InnoDB: Completed initialization of buffer pool
2022-05-16 15:06:47 0 [Note] InnoDB: Starting crash recovery from checkpoint LSN=300288
2022-05-16 15:06:47 0 [Note] InnoDB: 128 out of 128 rollback segments are active.
2022-05-16 15:06:47 0 [Note] InnoDB: Removed temporary tablespace data file: "ibtmp1"
2022-05-16 15:06:47 0 [Note] InnoDB: Creating shared tablespace for temporary tables
2022-05-16 15:06:47 0 [Note] InnoDB: Setting file 'C:\xampp\mysql\data\ibtmp1' size to 12 MB. Physically writing the file full; Please wait ...
2022-05-16 15:06:47 0 [Note] InnoDB: File 'C:\xampp\mysql\data\ibtmp1' size is now 12 MB.
2022-05-16 15:06:47 0 [Note] InnoDB: Waiting for purge to start
2022-05-16 15:06:47 0 [Note] InnoDB: 10.4.24 started; log sequence number 300297; transaction id 170
2022-05-16 15:06:47 0 [Note] InnoDB: Loading buffer pool(s) from C:\xampp\mysql\data\ib_buffer_pool
2022-05-16 15:06:47 0 [Note] Plugin 'FEEDBACK' is disabled.
2022-05-16 15:06:47 0 [Note] Server socket created on IP: '::'.
2022-05-16 15:06:47 0 [ERROR] Can't start server: Bind on TCP/IP port. Got error: 10048: Only one usage of each socket address (protocol/network address/port) is normally permitted.

2022-05-16 15:06:47 0 [Note] InnoDB: Buffer pool(s) load completed at 220516 15:06:47
2022-05-16 15:06:47 0 [ERROR] Do you already have another mysqld server running on port: 3306 ?
2022-05-16 15:06:47 0 [ERROR] Aborting
2022-05-16 15:07:59 0 [Note] InnoDB: Mutexes and rw_locks use Windows interlocked functions
2022-05-16 15:07:59 0 [Note] InnoDB: Uses event mutexes
2022-05-16 15:07:59 0 [Note] InnoDB: Compressed tables use zlib 1.2.11
2022-05-16 15:07:59 0 [Note] InnoDB: Number of pools: 1
2022-05-16 15:07:59 0 [Note] InnoDB: Using SSE2 crc32 instructions
2022-05-16 15:07:59 0 [Note] InnoDB: Initializing buffer pool, total size = 16M, instances = 1, chunk size = 16M
2022-05-16 15:07:59 0 [Note] InnoDB: Completed initialization of buffer pool
2022-05-16 15:07:59 0 [Note] InnoDB: 128 out of 128 rollback segments are active.
2022-05-16 15:07:59 0 [Note] InnoDB: Creating shared tablespace for temporary tables
2022-05-16 15:07:59 0 [Note] InnoDB: Setting file 'C:\xampp\mysql\data\ibtmp1' size to 12 MB. Physically writing the file full; Please wait ...
2022-05-16 15:07:59 0 [Note] InnoDB: File 'C:\xampp\mysql\data\ibtmp1' size is now 12 MB.
2022-05-16 15:07:59 0 [Note] InnoDB: Waiting for purge to start
2022-05-16 15:07:59 0 [Note] InnoDB: 10.4.24 started; log sequence number 300306; transaction id 170
2022-05-16 15:07:59 0 [Note] InnoDB: Loading buffer pool(s) from C:\xampp\mysql\data\ib_buffer_pool
2022-05-16 15:07:59 0 [Note] Plugin 'FEEDBACK' is disabled.
2022-05-16 15:07:59 0 [Note] Server socket created on IP: '::'.
2022-05-16 15:07:59 0 [ERROR] Can't start server: Bind on TCP/IP port. Got error: 10048: Only one usage of each socket address (protocol/network address/port) is normally permitted.

2022-05-16 15:07:59 0 [Note] InnoDB: Buffer pool(s) load completed at 220516 15:07:59
2022-05-16 15:07:59 0 [ERROR] Do you already have another mysqld server running on port: 3306 ?
2022-05-16 15:07:59 0 [ERROR] Aborting
2022-05-16 15:09:33 0 [Note] InnoDB: Mutexes and rw_locks use Windows interlocked functions
2022-05-16 15:09:33 0 [Note] InnoDB: Uses event mutexes
2022-05-16 15:09:33 0 [Note] InnoDB: Compressed tables use zlib 1.2.11
2022-05-16 15:09:33 0 [Note] InnoDB: Number of pools: 1
2022-05-16 15:09:33 0 [Note] InnoDB: Using SSE2 crc32 instructions
2022-05-16 15:09:33 0 [Note] InnoDB: Initializing buffer pool, total size = 16M, instances = 1, chunk size = 16M
2022-05-16 15:09:33 0 [Note] InnoDB: Completed initialization of buffer pool
2022-05-16 15:09:33 0 [Note] InnoDB: 128 out of 128 rollback segments are active.
2022-05-16 15:09:33 0 [Note] InnoDB: Creating shared tablespace for temporary tables
2022-05-16 15:09:33 0 [Note] InnoDB: Setting file 'C:\xampp\mysql\data\ibtmp1' size to 12 MB. Physically writing the file full; Please wait ...
2022-05-16 15:09:33 0 [Note] InnoDB: File 'C:\xampp\mysql\data\ibtmp1' size is now 12 MB.
2022-05-16 15:09:33 0 [Note] InnoDB: Waiting for purge to start
2022-05-16 15:09:34 0 [Note] InnoDB: 10.4.24 started; log sequence number 300315; transaction id 170
2022-05-16 15:09:34 0 [Note] InnoDB: Loading buffer pool(s) from C:\xampp\mysql\data\ib_buffer_pool
2022-05-16 15:09:34 0 [Note] Plugin 'FEEDBACK' is disabled.
2022-05-16 15:09:34 0 [Note] Server socket created on IP: '::'.
2022-05-16 15:10:52 0 [Note] InnoDB: Mutexes and rw_locks use Windows interlocked functions
2022-05-16 15:10:52 0 [Note] InnoDB: Uses event mutexes
2022-05-16 15:10:52 0 [Note] InnoDB: Compressed tables use zlib 1.2.11
2022-05-16 15:10:52 0 [Note] InnoDB: Number of pools: 1
2022-05-16 15:10:52 0 [Note] InnoDB: Using SSE2 crc32 instructions
2022-05-16 15:10:52 0 [Note] InnoDB: Initializing buffer pool, total size = 16M, instances = 1, chunk size = 16M
2022-05-16 15:10:52 0 [Note] InnoDB: Completed initialization of buffer pool
2022-05-16 15:10:52 0 [Note] InnoDB: Starting crash recovery from checkpoint LSN=300315
2022-05-16 15:10:52 0 [Note] InnoDB: 128 out of 128 rollback segments are active.
2022-05-16 15:10:52 0 [Note] InnoDB: Removed temporary tablespace data file: "ibtmp1"
2022-05-16 15:10:52 0 [Note] InnoDB: Creating shared tablespace for temporary tables
2022-05-16 15:10:52 0 [Note] InnoDB: Setting file 'C:\xampp\mysql\data\ibtmp1' size to 12 MB. Physically writing the file full; Please wait ...
2022-05-16 15:10:52 0 [Note] InnoDB: File 'C:\xampp\mysql\data\ibtmp1' size is now 12 MB.
2022-05-16 15:10:52 0 [Note] InnoDB: Waiting for purge to start
2022-05-16 15:10:52 0 [Note] InnoDB: 10.4.24 started; log sequence number 300324; transaction id 170
2022-05-16 15:10:52 0 [Note] InnoDB: Loading buffer pool(s) from C:\xampp\mysql\data\ib_buffer_pool
2022-05-16 15:10:52 0 [Note] Plugin 'FEEDBACK' is disabled.
2022-05-16 15:10:52 0 [Note] Server socket created on IP: '::'.
2022-05-16 15:12:57 0 [Note] InnoDB: Mutexes and rw_locks use Windows interlocked functions
2022-05-16 15:12:57 0 [Note] InnoDB: Uses event mutexes
2022-05-16 15:12:57 0 [Note] InnoDB: Compressed tables use zlib 1.2.11
2022-05-16 15:12:57 0 [Note] InnoDB: Number of pools: 1
2022-05-16 15:12:57 0 [Note] InnoDB: Using SSE2 crc32 instructions
2022-05-16 15:12:57 0 [Note] InnoDB: Initializing buffer pool, total size = 16M, instances = 1, chunk size = 16M
2022-05-16 15:12:57 0 [Note] InnoDB: Completed initialization of buffer pool
2022-05-16 15:12:57 0 [Note] InnoDB: Starting crash recovery from checkpoint LSN=300333
2022-05-16 15:12:57 0 [Note] InnoDB: 128 out of 128 rollback segments are active.
2022-05-16 15:12:57 0 [Note] InnoDB: Removed temporary tablespace data file: "ibtmp1"
2022-05-16 15:12:57 0 [Note] InnoDB: Creating shared tablespace for temporary tables
2022-05-16 15:12:57 0 [Note] InnoDB: Setting file 'C:\xampp\mysql\data\ibtmp1' size to 12 MB. Physically writing the file full; Please wait ...
2022-05-16 15:12:57 0 [Note] InnoDB: File 'C:\xampp\mysql\data\ibtmp1' size is now 12 MB.
2022-05-16 15:12:57 0 [Note] InnoDB: Waiting for purge to start
2022-05-16 15:12:57 0 [Note] InnoDB: 10.4.24 started; log sequence number 300342; transaction id 170
2022-05-16 15:12:57 0 [Note] InnoDB: Loading buffer pool(s) from C:\xampp\mysql\data\ib_buffer_pool
2022-05-16 15:12:57 0 [Note] Plugin 'FEEDBACK' is disabled.
2022-05-16 15:12:57 0 [Note] Server socket created on IP: '::'.
2022-05-16 15:12:57 0 [ERROR] Can't start server: Bind on TCP/IP port. Got error: 10048: Only one usage of each socket address (protocol/network address/port) is normally permitted.

2022-05-16 15:12:57 0 [ERROR] Do you already have another mysqld server running on port: 3306 ?
2022-05-16 15:12:57 0 [Note] InnoDB: Buffer pool(s) load completed at 220516 15:12:57
2022-05-16 15:12:57 0 [ERROR] Aborting
2022-05-16 15:14:59 0 [Note] InnoDB: Mutexes and rw_locks use Windows interlocked functions
2022-05-16 15:14:59 0 [Note] InnoDB: Uses event mutexes
2022-05-16 15:14:59 0 [Note] InnoDB: Compressed tables use zlib 1.2.11
2022-05-16 15:14:59 0 [Note] InnoDB: Number of pools: 1
2022-05-16 15:14:59 0 [Note] InnoDB: Using SSE2 crc32 instructions
2022-05-16 15:14:59 0 [Note] InnoDB: Initializing buffer pool, total size = 16M, instances = 1, chunk size = 16M
2022-05-16 15:14:59 0 [Note] InnoDB: Completed initialization of buffer pool
2022-05-16 15:14:59 0 [Note] InnoDB: 128 out of 128 rollback segments are active.
2022-05-16 15:14:59 0 [Note] InnoDB: Creating shared tablespace for temporary tables
2022-05-16 15:14:59 0 [Note] InnoDB: Setting file 'C:\xampp\mysql\data\ibtmp1' size to 12 MB. Physically writing the file full; Please wait ...
2022-05-16 15:14:59 0 [Note] InnoDB: File 'C:\xampp\mysql\data\ibtmp1' size is now 12 MB.
2022-05-16 15:14:59 0 [Note] InnoDB: Waiting for purge to start
2022-05-16 15:14:59 0 [Note] InnoDB: 10.4.24 started; log sequence number 300351; transaction id 170
2022-05-16 15:14:59 0 [Note] InnoDB: Loading buffer pool(s) from C:\xampp\mysql\data\ib_buffer_pool
2022-05-16 15:14:59 0 [Note] Plugin 'FEEDBACK' is disabled.
2022-05-16 15:14:59 0 [Note] Server socket created on IP: '::'.
2022-05-16 15:14:59 0 [ERROR] Can't start server: Bind on TCP/IP port. Got error: 10048: Only one usage of each socket address (protocol/network address/port) is normally permitted.

2022-05-16 15:14:59 0 [ERROR] Do you already have another mysqld server running on port: 3306 ?
2022-05-16 15:14:59 0 [Note] InnoDB: Buffer pool(s) load completed at 220516 15:14:59
2022-05-16 15:14:59 0 [ERROR] Aborting
2022-05-16 15:21:04 0 [Note] InnoDB: Mutexes and rw_locks use Windows interlocked functions
2022-05-16 15:21:04 0 [Note] InnoDB: Uses event mutexes
2022-05-16 15:21:04 0 [Note] InnoDB: Compressed tables use zlib 1.2.11
2022-05-16 15:21:04 0 [Note] InnoDB: Number of pools: 1
2022-05-16 15:21:04 0 [Note] InnoDB: Using SSE2 crc32 instructions
2022-05-16 15:21:04 0 [Note] InnoDB: Initializing buffer pool, total size = 16M, instances = 1, chunk size = 16M
2022-05-16 15:21:04 0 [Note] InnoDB: Completed initialization of buffer pool
2022-05-16 15:21:04 0 [Note] InnoDB: 128 out of 128 rollback segments are active.
2022-05-16 15:21:04 0 [Note] InnoDB: Creating shared tablespace for temporary tables
2022-05-16 15:21:04 0 [Note] InnoDB: Setting file 'C:\xampp\mysql\data\ibtmp1' size to 12 MB. Physically writing the file full; Please wait ...
2022-05-16 15:21:04 0 [Note] InnoDB: File 'C:\xampp\mysql\data\ibtmp1' size is now 12 MB.
2022-05-16 15:21:04 0 [Note] InnoDB: Waiting for purge to start
2022-05-16 15:21:04 0 [Note] InnoDB: 10.4.24 started; log sequence number 300360; transaction id 170
2022-05-16 15:21:04 0 [Note] InnoDB: Loading buffer pool(s) from C:\xampp\mysql\data\ib_buffer_pool
2022-05-16 15:21:04 0 [Note] Plugin 'FEEDBACK' is disabled.
2022-05-16 15:21:04 0 [Note] Server socket created on IP: '::'.
2022-05-16 15:21:04 0 [ERROR] Can't start server: Bind on TCP/IP port. Got error: 10048: Only one usage of each socket address (protocol/network address/port) is normally permitted.

2022-05-16 15:21:04 0 [Note] InnoDB: Buffer pool(s) load completed at 220516 15:21:04
2022-05-16 15:21:04 0 [ERROR] Do you already have another mysqld server running on port: 3306 ?
2022-05-16 15:21:04 0 [ERROR] Aborting
2022-05-16 15:28:01 0 [Note] InnoDB: Mutexes and rw_locks use Windows interlocked functions
2022-05-16 15:28:01 0 [Note] InnoDB: Uses event mutexes
2022-05-16 15:28:01 0 [Note] InnoDB: Compressed tables use zlib 1.2.11
2022-05-16 15:28:01 0 [Note] InnoDB: Number of pools: 1
2022-05-16 15:28:01 0 [Note] InnoDB: Using SSE2 crc32 instructions
2022-05-16 15:28:01 0 [Note] InnoDB: Initializing buffer pool, total size = 16M, instances = 1, chunk size = 16M
2022-05-16 15:28:01 0 [Note] InnoDB: Completed initialization of buffer pool
2022-05-16 15:28:01 0 [Note] InnoDB: 128 out of 128 rollback segments are active.
2022-05-16 15:28:01 0 [Note] InnoDB: Creating shared tablespace for temporary tables
2022-05-16 15:28:01 0 [Note] InnoDB: Setting file 'C:\xampp\mysql\data\ibtmp1' size to 12 MB. Physically writing the file full; Please wait ...
2022-05-16 15:28:01 0 [Note] InnoDB: File 'C:\xampp\mysql\data\ibtmp1' size is now 12 MB.
2022-05-16 15:28:01 0 [Note] InnoDB: Waiting for purge to start
2022-05-16 15:28:01 0 [Note] InnoDB: 10.4.24 started; log sequence number 300369; transaction id 170
2022-05-16 15:28:01 0 [Note] InnoDB: Loading buffer pool(s) from C:\xampp\mysql\data\ib_buffer_pool
2022-05-16 15:28:01 0 [Note] Plugin 'FEEDBACK' is disabled.
2022-05-16 15:28:01 0 [Note] Server socket created on IP: '::'.
2022-05-16 15:31:44 0 [ERROR] InnoDB: The innodb_system data file 'ibdata1' must be writable
2022-05-16 15:31:44 0 [ERROR] InnoDB: The innodb_system data file 'ibdata1' must be writable
2022-05-16 15:31:44 0 [ERROR] Plugin 'InnoDB' init function returned error.
2022-05-16 15:31:44 0 [ERROR] Plugin 'InnoDB' registration as a STORAGE ENGINE failed.
2022-05-16 15:31:44 0 [Note] Plugin 'FEEDBACK' is disabled.
2022-05-16 15:31:44 0 [ERROR] Unknown/unsupported storage engine: InnoDB
2022-05-16 15:31:44 0 [ERROR] Aborting
2022-05-16 15:33:33 0 [Note] InnoDB: Mutexes and rw_locks use Windows interlocked functions
2022-05-16 15:33:33 0 [Note] InnoDB: Uses event mutexes
2022-05-16 15:33:33 0 [Note] InnoDB: Compressed tables use zlib 1.2.11
2022-05-16 15:33:33 0 [Note] InnoDB: Number of pools: 1
2022-05-16 15:33:33 0 [Note] InnoDB: Using SSE2 crc32 instructions
2022-05-16 15:33:33 0 [Note] InnoDB: Initializing buffer pool, total size = 16M, instances = 1, chunk size = 16M
2022-05-16 15:33:33 0 [Note] InnoDB: Completed initialization of buffer pool
2022-05-16 15:33:33 0 [Note] InnoDB: Starting crash recovery from checkpoint LSN=300369
2022-05-16 15:33:33 0 [Note] InnoDB: 128 out of 128 rollback segments are active.
2022-05-16 15:33:33 0 [Note] InnoDB: Removed temporary tablespace data file: "ibtmp1"
2022-05-16 15:33:33 0 [Note] InnoDB: Creating shared tablespace for temporary tables
2022-05-16 15:33:33 0 [Note] InnoDB: Setting file 'C:\xampp\mysql\data\ibtmp1' size to 12 MB. Physically writing the file full; Please wait ...
2022-05-16 15:33:33 0 [Note] InnoDB: File 'C:\xampp\mysql\data\ibtmp1' size is now 12 MB.
2022-05-16 15:33:33 0 [Note] InnoDB: Waiting for purge to start
2022-05-16 15:33:33 0 [Note] InnoDB: 10.4.24 started; log sequence number 300378; transaction id 170
2022-05-16 15:33:33 0 [Note] InnoDB: Loading buffer pool(s) from C:\xampp\mysql\data\ib_buffer_pool
2022-05-16 15:33:33 0 [Note] Plugin 'FEEDBACK' is disabled.
2022-05-16 15:33:33 0 [Note] Server socket created on IP: '::'.
2022-05-16 15:36:03 0 [Note] InnoDB: Mutexes and rw_locks use Windows interlocked functions
2022-05-16 15:36:03 0 [Note] InnoDB: Uses event mutexes
2022-05-16 15:36:03 0 [Note] InnoDB: Compressed tables use zlib 1.2.11
2022-05-16 15:36:03 0 [Note] InnoDB: Number of pools: 1
2022-05-16 15:36:03 0 [Note] InnoDB: Using SSE2 crc32 instructions
2022-05-16 15:36:03 0 [Note] InnoDB: Initializing buffer pool, total size = 16M, instances = 1, chunk size = 16M
2022-05-16 15:36:03 0 [Note] InnoDB: Completed initialization of buffer pool
2022-05-16 15:36:03 0 [Note] InnoDB: Starting crash recovery from checkpoint LSN=300387
2022-05-16 15:36:03 0 [Note] InnoDB: 128 out of 128 rollback segments are active.
2022-05-16 15:36:03 0 [Note] InnoDB: Removed temporary tablespace data file: "ibtmp1"
2022-05-16 15:36:03 0 [Note] InnoDB: Creating shared tablespace for temporary tables
2022-05-16 15:36:03 0 [Note] InnoDB: Setting file 'C:\xampp\mysql\data\ibtmp1' size to 12 MB. Physically writing the file full; Please wait ...
2022-05-16 15:36:03 0 [Note] InnoDB: File 'C:\xampp\mysql\data\ibtmp1' size is now 12 MB.
2022-05-16 15:36:03 0 [Note] InnoDB: Waiting for purge to start
2022-05-16 15:36:03 0 [Note] InnoDB: 10.4.24 started; log sequence number 300396; transaction id 170
2022-05-16 15:36:03 0 [Note] InnoDB: Loading buffer pool(s) from C:\xampp\mysql\data\ib_buffer_pool
2022-05-16 15:36:03 0 [Note] Plugin 'FEEDBACK' is disabled.
2022-05-16 15:36:03 0 [Note] Server socket created on IP: '::'.
2022-05-16 16:08:16 0 [Note] InnoDB: Mutexes and rw_locks use Windows interlocked functions
2022-05-16 16:08:16 0 [Note] InnoDB: Uses event mutexes
2022-05-16 16:08:16 0 [Note] InnoDB: Compressed tables use zlib 1.2.11
2022-05-16 16:08:16 0 [Note] InnoDB: Number of pools: 1
2022-05-16 16:08:16 0 [Note] InnoDB: Using SSE2 crc32 instructions
2022-05-16 16:08:16 0 [Note] InnoDB: Initializing buffer pool, total size = 16M, instances = 1, chunk size = 16M
2022-05-16 16:08:16 0 [Note] InnoDB: Completed initialization of buffer pool
2022-05-16 16:08:16 0 [Note] InnoDB: Starting crash recovery from checkpoint LSN=1516564
2022-05-16 16:08:16 0 [Note] InnoDB: 128 out of 128 rollback segments are active.
2022-05-16 16:08:16 0 [Note] InnoDB: Removed temporary tablespace data file: "ibtmp1"
2022-05-16 16:08:16 0 [Note] InnoDB: Creating shared tablespace for temporary tables
2022-05-16 16:08:16 0 [Note] InnoDB: Setting file 'C:\xampp\mysql\data\ibtmp1' size to 12 MB. Physically writing the file full; Please wait ...
2022-05-16 16:08:16 0 [Note] InnoDB: File 'C:\xampp\mysql\data\ibtmp1' size is now 12 MB.
2022-05-16 16:08:16 0 [Note] InnoDB: Waiting for purge to start
2022-05-16 16:08:16 0 [Note] InnoDB: 10.4.24 started; log sequence number 1516573; transaction id 2564
2022-05-16 16:08:16 0 [Note] InnoDB: Loading buffer pool(s) from C:\xampp\mysql\data\ib_buffer_pool
2022-05-16 16:08:16 0 [Note] Plugin 'FEEDBACK' is disabled.
2022-05-16 16:08:16 0 [Note] Server socket created on IP: '::'.
2022-05-16 16:08:39 0 [Note] InnoDB: Mutexes and rw_locks use Windows interlocked functions
2022-05-16 16:08:39 0 [Note] InnoDB: Uses event mutexes
2022-05-16 16:08:39 0 [Note] InnoDB: Compressed tables use zlib 1.2.11
2022-05-16 16:08:39 0 [Note] InnoDB: Number of pools: 1
2022-05-16 16:08:39 0 [Note] InnoDB: Using SSE2 crc32 instructions
2022-05-16 16:08:39 0 [Note] InnoDB: Initializing buffer pool, total size = 16M, instances = 1, chunk size = 16M
2022-05-16 16:08:39 0 [Note] InnoDB: Completed initialization of buffer pool
2022-05-16 16:08:39 0 [Note] InnoDB: Starting crash recovery from checkpoint LSN=1516582
2022-05-16 16:08:39 0 [Note] InnoDB: 128 out of 128 rollback segments are active.
2022-05-16 16:08:39 0 [Note] InnoDB: Removed temporary tablespace data file: "ibtmp1"
2022-05-16 16:08:39 0 [Note] InnoDB: Creating shared tablespace for temporary tables
2022-05-16 16:08:39 0 [Note] InnoDB: Setting file 'C:\xampp\mysql\data\ibtmp1' size to 12 MB. Physically writing the file full; Please wait ...
2022-05-16 16:08:39 0 [Note] InnoDB: File 'C:\xampp\mysql\data\ibtmp1' size is now 12 MB.
2022-05-16 16:08:39 0 [Note] InnoDB: Waiting for purge to start
2022-05-16 16:08:39 0 [Note] InnoDB: 10.4.24 started; log sequence number 1516591; transaction id 2564
2022-05-16 16:08:39 0 [Note] InnoDB: Loading buffer pool(s) from C:\xampp\mysql\data\ib_buffer_pool
2022-05-16 16:08:39 0 [Note] Plugin 'FEEDBACK' is disabled.
2022-05-16 16:08:39 0 [Note] Server socket created on IP: '::'.
2022-05-17 17:23:09 0 [Note] InnoDB: Mutexes and rw_locks use Windows interlocked functions
2022-05-17 17:23:09 0 [Note] InnoDB: Uses event mutexes
2022-05-17 17:23:09 0 [Note] InnoDB: Compressed tables use zlib 1.2.11
2022-05-17 17:23:09 0 [Note] InnoDB: Number of pools: 1
2022-05-17 17:23:09 0 [Note] InnoDB: Using SSE2 crc32 instructions
2022-05-17 17:23:09 0 [Note] InnoDB: Initializing buffer pool, total size = 16M, instances = 1, chunk size = 16M
2022-05-17 17:23:09 0 [Note] InnoDB: Completed initialization of buffer pool
2022-05-17 17:23:09 0 [Note] InnoDB: Starting crash recovery from checkpoint LSN=1520440
2022-05-17 17:23:10 0 [Note] InnoDB: 128 out of 128 rollback segments are active.
2022-05-17 17:23:10 0 [Note] InnoDB: Removed temporary tablespace data file: "ibtmp1"
2022-05-17 17:23:10 0 [Note] InnoDB: Creating shared tablespace for temporary tables
2022-05-17 17:23:10 0 [Note] InnoDB: Setting file 'C:\xampp\mysql\data\ibtmp1' size to 12 MB. Physically writing the file full; Please wait ...
2022-05-17 17:23:10 0 [Note] InnoDB: File 'C:\xampp\mysql\data\ibtmp1' size is now 12 MB.
2022-05-17 17:23:10 0 [Note] InnoDB: Waiting for purge to start
2022-05-17 17:23:10 0 [Note] InnoDB: 10.4.24 started; log sequence number 1520449; transaction id 2606
2022-05-17 17:23:10 0 [Note] InnoDB: Loading buffer pool(s) from C:\xampp\mysql\data\ib_buffer_pool
2022-05-17 17:23:10 0 [Note] Plugin 'FEEDBACK' is disabled.
2022-05-17 17:23:10 0 [Note] InnoDB: Buffer pool(s) load completed at 220517 17:23:10
2022-05-17 17:23:10 0 [Note] Server socket created on IP: '::'.
2022-05-18 17:35:29 0 [Note] InnoDB: Mutexes and rw_locks use Windows interlocked functions
2022-05-18 17:35:29 0 [Note] InnoDB: Uses event mutexes
2022-05-18 17:35:29 0 [Note] InnoDB: Compressed tables use zlib 1.2.11
2022-05-18 17:35:29 0 [Note] InnoDB: Number of pools: 1
2022-05-18 17:35:29 0 [Note] InnoDB: Using SSE2 crc32 instructions
2022-05-18 17:35:29 0 [Note] InnoDB: Initializing buffer pool, total size = 16M, instances = 1, chunk size = 16M
2022-05-18 17:35:29 0 [Note] InnoDB: Completed initialization of buffer pool
2022-05-18 17:35:30 0 [Note] InnoDB: Starting crash recovery from checkpoint LSN=1520775
2022-05-18 17:35:30 0 [Note] InnoDB: 128 out of 128 rollback segments are active.
2022-05-18 17:35:30 0 [Note] InnoDB: Removed temporary tablespace data file: "ibtmp1"
2022-05-18 17:35:30 0 [Note] InnoDB: Creating shared tablespace for temporary tables
2022-05-18 17:35:30 0 [Note] InnoDB: Setting file 'C:\xampp\mysql\data\ibtmp1' size to 12 MB. Physically writing the file full; Please wait ...
2022-05-18 17:35:30 0 [Note] InnoDB: File 'C:\xampp\mysql\data\ibtmp1' size is now 12 MB.
2022-05-18 17:35:30 0 [Note] InnoDB: Waiting for purge to start
2022-05-18 17:35:30 0 [Note] InnoDB: 10.4.24 started; log sequence number 1520784; transaction id 2629
2022-05-18 17:35:30 0 [Note] InnoDB: Loading buffer pool(s) from C:\xampp\mysql\data\ib_buffer_pool
2022-05-18 17:35:30 0 [Note] Plugin 'FEEDBACK' is disabled.
2022-05-18 17:35:30 0 [Note] InnoDB: Buffer pool(s) load completed at 220518 17:35:30
2022-05-18 17:35:30 0 [Note] Server socket created on IP: '::'.
2022-05-18 18:43:11 0 [Note] InnoDB: Mutexes and rw_locks use Windows interlocked functions
2022-05-18 18:43:11 0 [Note] InnoDB: Uses event mutexes
2022-05-18 18:43:11 0 [Note] InnoDB: Compressed tables use zlib 1.2.11
2022-05-18 18:43:11 0 [Note] InnoDB: Number of pools: 1
2022-05-18 18:43:11 0 [Note] InnoDB: Using SSE2 crc32 instructions
2022-05-18 18:43:11 0 [Note] InnoDB: Initializing buffer pool, total size = 16M, instances = 1, chunk size = 16M
2022-05-18 18:43:11 0 [Note] InnoDB: Completed initialization of buffer pool
2022-05-18 18:43:11 0 [Note] InnoDB: Starting crash recovery from checkpoint LSN=1521441
2022-05-18 18:43:11 0 [Note] InnoDB: 128 out of 128 rollback segments are active.
2022-05-18 18:43:11 0 [Note] InnoDB: Removed temporary tablespace data file: "ibtmp1"
2022-05-18 18:43:11 0 [Note] InnoDB: Creating shared tablespace for temporary tables
2022-05-18 18:43:11 0 [Note] InnoDB: Setting file 'C:\xampp\mysql\data\ibtmp1' size to 12 MB. Physically writing the file full; Please wait ...
2022-05-18 18:43:11 0 [Note] InnoDB: File 'C:\xampp\mysql\data\ibtmp1' size is now 12 MB.
2022-05-18 18:43:11 0 [Note] InnoDB: Waiting for purge to start
2022-05-18 18:43:12 0 [Note] InnoDB: 10.4.24 started; log sequence number 1521450; transaction id 2652
2022-05-18 18:43:12 0 [Note] InnoDB: Loading buffer pool(s) from C:\xampp\mysql\data\ib_buffer_pool
2022-05-18 18:43:12 0 [Note] Plugin 'FEEDBACK' is disabled.
2022-05-18 18:43:12 0 [Note] Server socket created on IP: '::'.
2022-05-20  9:50:11 0 [Note] InnoDB: Mutexes and rw_locks use Windows interlocked functions
2022-05-20  9:50:11 0 [Note] InnoDB: Uses event mutexes
2022-05-20  9:50:11 0 [Note] InnoDB: Compressed tables use zlib 1.2.11
2022-05-20  9:50:11 0 [Note] InnoDB: Number of pools: 1
2022-05-20  9:50:11 0 [Note] InnoDB: Using SSE2 crc32 instructions
2022-05-20  9:50:11 0 [Note] InnoDB: Initializing buffer pool, total size = 16M, instances = 1, chunk size = 16M
2022-05-20  9:50:11 0 [Note] InnoDB: Completed initialization of buffer pool
2022-05-20  9:50:12 0 [Note] InnoDB: Starting crash recovery from checkpoint LSN=1523511
2022-05-20  9:50:12 0 [Note] InnoDB: 128 out of 128 rollback segments are active.
2022-05-20  9:50:12 0 [Note] InnoDB: Removed temporary tablespace data file: "ibtmp1"
2022-05-20  9:50:12 0 [Note] InnoDB: Creating shared tablespace for temporary tables
2022-05-20  9:50:12 0 [Note] InnoDB: Setting file 'C:\xampp\mysql\data\ibtmp1' size to 12 MB. Physically writing the file full; Please wait ...
2022-05-20  9:50:12 0 [Note] InnoDB: File 'C:\xampp\mysql\data\ibtmp1' size is now 12 MB.
2022-05-20  9:50:12 0 [Note] InnoDB: Waiting for purge to start
2022-05-20  9:50:12 0 [Note] InnoDB: 10.4.24 started; log sequence number 1523520; transaction id 2686
2022-05-20  9:50:12 0 [Note] InnoDB: Loading buffer pool(s) from C:\xampp\mysql\data\ib_buffer_pool
2022-05-20  9:50:12 0 [Note] Plugin 'FEEDBACK' is disabled.
2022-05-20  9:50:12 0 [Note] InnoDB: Buffer pool(s) load completed at 220520  9:50:12
2022-05-20  9:50:12 0 [Note] Server socket created on IP: '::'.
2022-06-01 19:42:47 0 [Note] InnoDB: Mutexes and rw_locks use Windows interlocked functions
2022-06-01 19:42:47 0 [Note] InnoDB: Uses event mutexes
2022-06-01 19:42:47 0 [Note] InnoDB: Compressed tables use zlib 1.2.11
2022-06-01 19:42:47 0 [Note] InnoDB: Number of pools: 1
2022-06-01 19:42:47 0 [Note] InnoDB: Using SSE2 crc32 instructions
2022-06-01 19:42:47 0 [Note] InnoDB: Initializing buffer pool, total size = 16M, instances = 1, chunk size = 16M
2022-06-01 19:42:47 0 [Note] InnoDB: Completed initialization of buffer pool
2022-06-01 19:42:48 0 [Note] InnoDB: Starting crash recovery from checkpoint LSN=1524119
2022-06-01 19:42:48 0 [Note] InnoDB: 128 out of 128 rollback segments are active.
2022-06-01 19:42:48 0 [Note] InnoDB: Removed temporary tablespace data file: "ibtmp1"
2022-06-01 19:42:48 0 [Note] InnoDB: Creating shared tablespace for temporary tables
2022-06-01 19:42:48 0 [Note] InnoDB: Setting file 'C:\xampp\mysql\data\ibtmp1' size to 12 MB. Physically writing the file full; Please wait ...
2022-06-01 19:42:48 0 [Note] InnoDB: File 'C:\xampp\mysql\data\ibtmp1' size is now 12 MB.
2022-06-01 19:42:48 0 [Note] InnoDB: Waiting for purge to start
2022-06-01 19:42:48 0 [Note] InnoDB: 10.4.24 started; log sequence number 1524128; transaction id 2709
2022-06-01 19:42:48 0 [Note] InnoDB: Loading buffer pool(s) from C:\xampp\mysql\data\ib_buffer_pool
2022-06-01 19:42:48 0 [Note] Plugin 'FEEDBACK' is disabled.
2022-06-01 19:42:48 0 [Note] InnoDB: Buffer pool(s) load completed at 220601 19:42:48
2022-06-01 19:42:48 0 [Note] Server socket created on IP: '::'.
2022-06-03 17:28:26 0 [Note] InnoDB: Mutexes and rw_locks use Windows interlocked functions
2022-06-03 17:28:26 0 [Note] InnoDB: Uses event mutexes
2022-06-03 17:28:26 0 [Note] InnoDB: Compressed tables use zlib 1.2.11
2022-06-03 17:28:26 0 [Note] InnoDB: Number of pools: 1
2022-06-03 17:28:26 0 [Note] InnoDB: Using SSE2 crc32 instructions
2022-06-03 17:28:26 0 [Note] InnoDB: Initializing buffer pool, total size = 16M, instances = 1, chunk size = 16M
2022-06-03 17:28:26 0 [Note] InnoDB: Completed initialization of buffer pool
2022-06-03 17:28:26 0 [Note] InnoDB: Starting crash recovery from checkpoint LSN=1610511
2022-06-03 17:28:27 0 [Note] InnoDB: 128 out of 128 rollback segments are active.
2022-06-03 17:28:27 0 [Note] InnoDB: Removed temporary tablespace data file: "ibtmp1"
2022-06-03 17:28:27 0 [Note] InnoDB: Creating shared tablespace for temporary tables
2022-06-03 17:28:27 0 [Note] InnoDB: Setting file 'C:\xampp\mysql\data\ibtmp1' size to 12 MB. Physically writing the file full; Please wait ...
2022-06-03 17:28:27 0 [Note] InnoDB: File 'C:\xampp\mysql\data\ibtmp1' size is now 12 MB.
2022-06-03 17:28:27 0 [Note] InnoDB: Waiting for purge to start
2022-06-03 17:28:27 0 [Note] InnoDB: 10.4.24 started; log sequence number 1610520; transaction id 2850
2022-06-03 17:28:27 0 [Note] InnoDB: Loading buffer pool(s) from C:\xampp\mysql\data\ib_buffer_pool
2022-06-03 17:28:27 0 [Note] Plugin 'FEEDBACK' is disabled.
2022-06-03 17:28:27 0 [Note] InnoDB: Buffer pool(s) load completed at 220603 17:28:27
2022-06-03 17:28:27 0 [Note] Server socket created on IP: '::'.
2022-06-03 22:19:05 0 [Note] InnoDB: Mutexes and rw_locks use Windows interlocked functions
2022-06-03 22:19:05 0 [Note] InnoDB: Uses event mutexes
2022-06-03 22:19:05 0 [Note] InnoDB: Compressed tables use zlib 1.2.11
2022-06-03 22:19:05 0 [Note] InnoDB: Number of pools: 1
2022-06-03 22:19:05 0 [Note] InnoDB: Using SSE2 crc32 instructions
2022-06-03 22:19:05 0 [Note] InnoDB: Initializing buffer pool, total size = 16M, instances = 1, chunk size = 16M
2022-06-03 22:19:05 0 [Note] InnoDB: Completed initialization of buffer pool
2022-06-03 22:19:05 0 [Note] InnoDB: Starting crash recovery from checkpoint LSN=1621021
2022-06-03 22:19:05 0 [Note] InnoDB: 128 out of 128 rollback segments are active.
2022-06-03 22:19:05 0 [Note] InnoDB: Removed temporary tablespace data file: "ibtmp1"
2022-06-03 22:19:05 0 [Note] InnoDB: Creating shared tablespace for temporary tables
2022-06-03 22:19:05 0 [Note] InnoDB: Setting file 'C:\xampp\mysql\data\ibtmp1' size to 12 MB. Physically writing the file full; Please wait ...
2022-06-03 22:19:05 0 [Note] InnoDB: File 'C:\xampp\mysql\data\ibtmp1' size is now 12 MB.
2022-06-03 22:19:05 0 [Note] InnoDB: Waiting for purge to start
2022-06-03 22:19:05 0 [Note] InnoDB: 10.4.24 started; log sequence number 1621030; transaction id 2945
2022-06-03 22:19:05 0 [Note] InnoDB: Loading buffer pool(s) from C:\xampp\mysql\data\ib_buffer_pool
2022-06-03 22:19:05 0 [Note] Plugin 'FEEDBACK' is disabled.
2022-06-03 22:19:05 0 [Note] InnoDB: Buffer pool(s) load completed at 220603 22:19:05
2022-06-03 22:19:05 0 [Note] Server socket created on IP: '::'.
2022-06-06 16:39:02 0 [Note] InnoDB: Mutexes and rw_locks use Windows interlocked functions
2022-06-06 16:39:02 0 [Note] InnoDB: Uses event mutexes
2022-06-06 16:39:02 0 [Note] InnoDB: Compressed tables use zlib 1.2.11
2022-06-06 16:39:02 0 [Note] InnoDB: Number of pools: 1
2022-06-06 16:39:02 0 [Note] InnoDB: Using SSE2 crc32 instructions
2022-06-06 16:39:02 0 [Note] InnoDB: Initializing buffer pool, total size = 16M, instances = 1, chunk size = 16M
2022-06-06 16:39:02 0 [Note] InnoDB: Completed initialization of buffer pool
2022-06-06 16:39:02 0 [Note] InnoDB: The log sequence number 300369 in the system tablespace does not match the log sequence number 1737228 in the ib_logfiles!
2022-06-06 16:39:03 0 [Note] InnoDB: 128 out of 128 rollback segments are active.
2022-06-06 16:39:03 0 [Note] InnoDB: Removed temporary tablespace data file: "ibtmp1"
2022-06-06 16:39:03 0 [Note] InnoDB: Creating shared tablespace for temporary tables
2022-06-06 16:39:03 0 [Note] InnoDB: Setting file 'C:\xampp\mysql\data\ibtmp1' size to 12 MB. Physically writing the file full; Please wait ...
2022-06-06 16:39:03 0 [Note] InnoDB: File 'C:\xampp\mysql\data\ibtmp1' size is now 12 MB.
2022-06-06 16:39:03 0 [Note] InnoDB: Waiting for purge to start
2022-06-06 16:39:03 0 [Note] InnoDB: 10.4.24 started; log sequence number 1737228; transaction id 3181
2022-06-06 16:39:03 0 [Note] InnoDB: Loading buffer pool(s) from C:\xampp\mysql\data\ib_buffer_pool
2022-06-06 16:39:03 0 [Note] Plugin 'FEEDBACK' is disabled.
2022-06-06 16:39:03 0 [Note] InnoDB: Buffer pool(s) load completed at 220606 16:39:03
2022-06-06 16:39:03 0 [Note] Server socket created on IP: '::'.
2022-06-06 16:50:45 0 [Note] InnoDB: Mutexes and rw_locks use Windows interlocked functions
2022-06-06 16:50:45 0 [Note] InnoDB: Uses event mutexes
2022-06-06 16:50:45 0 [Note] InnoDB: Compressed tables use zlib 1.2.11
2022-06-06 16:50:45 0 [Note] InnoDB: Number of pools: 1
2022-06-06 16:50:45 0 [Note] InnoDB: Using SSE2 crc32 instructions
2022-06-06 16:50:45 0 [Note] InnoDB: Initializing buffer pool, total size = 16M, instances = 1, chunk size = 16M
2022-06-06 16:50:45 0 [Note] InnoDB: Completed initialization of buffer pool
2022-06-06 16:50:45 0 [Note] InnoDB: Starting crash recovery from checkpoint LSN=1845361
2022-06-06 16:50:45 0 [Note] InnoDB: 128 out of 128 rollback segments are active.
2022-06-06 16:50:45 0 [Note] InnoDB: Removed temporary tablespace data file: "ibtmp1"
2022-06-06 16:50:45 0 [Note] InnoDB: Creating shared tablespace for temporary tables
2022-06-06 16:50:45 0 [Note] InnoDB: Setting file 'C:\xampp\mysql\data\ibtmp1' size to 12 MB. Physically writing the file full; Please wait ...
2022-06-06 16:50:45 0 [Note] InnoDB: File 'C:\xampp\mysql\data\ibtmp1' size is now 12 MB.
2022-06-06 16:50:45 0 [Note] InnoDB: Waiting for purge to start
2022-06-06 16:50:45 0 [Note] InnoDB: 10.4.24 started; log sequence number 1845370; transaction id 3346
2022-06-06 16:50:45 0 [Note] InnoDB: Loading buffer pool(s) from C:\xampp\mysql\data\ib_buffer_pool
2022-06-06 16:50:45 0 [Note] Plugin 'FEEDBACK' is disabled.
2022-06-06 16:50:45 0 [Note] Server socket created on IP: '::'.
2022-06-06 17:06:25 0 [Note] InnoDB: Mutexes and rw_locks use Windows interlocked functions
2022-06-06 17:06:25 0 [Note] InnoDB: Uses event mutexes
2022-06-06 17:06:25 0 [Note] InnoDB: Compressed tables use zlib 1.2.11
2022-06-06 17:06:25 0 [Note] InnoDB: Number of pools: 1
2022-06-06 17:06:25 0 [Note] InnoDB: Using SSE2 crc32 instructions
2022-06-06 17:06:25 0 [Note] InnoDB: Initializing buffer pool, total size = 16M, instances = 1, chunk size = 16M
2022-06-06 17:06:25 0 [Note] InnoDB: Completed initialization of buffer pool
2022-06-06 17:06:25 0 [Note] InnoDB: Starting crash recovery from checkpoint LSN=1845379
2022-06-06 17:06:25 0 [Note] InnoDB: 128 out of 128 rollback segments are active.
2022-06-06 17:06:25 0 [Note] InnoDB: Removed temporary tablespace data file: "ibtmp1"
2022-06-06 17:06:25 0 [Note] InnoDB: Creating shared tablespace for temporary tables
2022-06-06 17:06:25 0 [Note] InnoDB: Setting file 'C:\xampp\mysql\data\ibtmp1' size to 12 MB. Physically writing the file full; Please wait ...
2022-06-06 17:06:25 0 [Note] InnoDB: File 'C:\xampp\mysql\data\ibtmp1' size is now 12 MB.
2022-06-06 17:06:25 0 [Note] InnoDB: Waiting for purge to start
2022-06-06 17:06:25 0 [Note] InnoDB: 10.4.24 started; log sequence number 1845388; transaction id 3346
2022-06-06 17:06:25 0 [Note] InnoDB: Loading buffer pool(s) from C:\xampp\mysql\data\ib_buffer_pool
2022-06-06 17:06:25 0 [Note] Plugin 'FEEDBACK' is disabled.
2022-06-06 17:06:25 0 [Note] Server socket created on IP: '::'.
2022-06-06 17:07:52 0 [Note] InnoDB: Mutexes and rw_locks use Windows interlocked functions
2022-06-06 17:07:52 0 [Note] InnoDB: Uses event mutexes
2022-06-06 17:07:52 0 [Note] InnoDB: Compressed tables use zlib 1.2.11
2022-06-06 17:07:52 0 [Note] InnoDB: Number of pools: 1
2022-06-06 17:07:52 0 [Note] InnoDB: Using SSE2 crc32 instructions
2022-06-06 17:07:52 0 [Note] InnoDB: Initializing buffer pool, total size = 16M, instances = 1, chunk size = 16M
2022-06-06 17:07:52 0 [Note] InnoDB: Completed initialization of buffer pool
2022-06-06 17:07:52 0 [Note] InnoDB: Starting crash recovery from checkpoint LSN=1845397
2022-06-06 17:07:52 0 [Note] InnoDB: 128 out of 128 rollback segments are active.
2022-06-06 17:07:52 0 [Note] InnoDB: Removed temporary tablespace data file: "ibtmp1"
2022-06-06 17:07:52 0 [Note] InnoDB: Creating shared tablespace for temporary tables
2022-06-06 17:07:52 0 [Note] InnoDB: Setting file 'C:\xampp\mysql\data\ibtmp1' size to 12 MB. Physically writing the file full; Please wait ...
2022-06-06 17:07:52 0 [Note] InnoDB: File 'C:\xampp\mysql\data\ibtmp1' size is now 12 MB.
2022-06-06 17:07:52 0 [Note] InnoDB: Waiting for purge to start
2022-06-06 17:07:52 0 [Note] InnoDB: 10.4.24 started; log sequence number 1845406; transaction id 3346
2022-06-06 17:07:52 0 [Note] InnoDB: Loading buffer pool(s) from C:\xampp\mysql\data\ib_buffer_pool
2022-06-06 17:07:52 0 [Note] Plugin 'FEEDBACK' is disabled.
2022-06-06 17:07:52 0 [Note] Server socket created on IP: '::'.
2022-06-06 17:08:37 0 [Note] InnoDB: Mutexes and rw_locks use Windows interlocked functions
2022-06-06 17:08:37 0 [Note] InnoDB: Uses event mutexes
2022-06-06 17:08:37 0 [Note] InnoDB: Compressed tables use zlib 1.2.11
2022-06-06 17:08:37 0 [Note] InnoDB: Number of pools: 1
2022-06-06 17:08:37 0 [Note] InnoDB: Using SSE2 crc32 instructions
2022-06-06 17:08:37 0 [Note] InnoDB: Initializing buffer pool, total size = 16M, instances = 1, chunk size = 16M
2022-06-06 17:08:37 0 [Note] InnoDB: Completed initialization of buffer pool
2022-06-06 17:08:37 0 [Note] InnoDB: Starting crash recovery from checkpoint LSN=1845415
2022-06-06 17:08:37 0 [Note] InnoDB: 128 out of 128 rollback segments are active.
2022-06-06 17:08:37 0 [Note] InnoDB: Removed temporary tablespace data file: "ibtmp1"
2022-06-06 17:08:37 0 [Note] InnoDB: Creating shared tablespace for temporary tables
2022-06-06 17:08:37 0 [Note] InnoDB: Setting file 'C:\xampp\mysql\data\ibtmp1' size to 12 MB. Physically writing the file full; Please wait ...
2022-06-06 17:08:37 0 [Note] InnoDB: File 'C:\xampp\mysql\data\ibtmp1' size is now 12 MB.
2022-06-06 17:08:37 0 [Note] InnoDB: Waiting for purge to start
2022-06-06 17:08:37 0 [Note] InnoDB: 10.4.24 started; log sequence number 1845424; transaction id 3346
2022-06-06 17:08:37 0 [Note] InnoDB: Loading buffer pool(s) from C:\xampp\mysql\data\ib_buffer_pool
2022-06-06 17:08:37 0 [Note] Plugin 'FEEDBACK' is disabled.
2022-06-06 17:08:37 0 [Note] Server socket created on IP: '::'.
2022-06-06 17:10:15 0 [Note] InnoDB: Mutexes and rw_locks use Windows interlocked functions
2022-06-06 17:10:15 0 [Note] InnoDB: Uses event mutexes
2022-06-06 17:10:15 0 [Note] InnoDB: Compressed tables use zlib 1.2.11
2022-06-06 17:10:15 0 [Note] InnoDB: Number of pools: 1
2022-06-06 17:10:15 0 [Note] InnoDB: Using SSE2 crc32 instructions
2022-06-06 17:10:15 0 [Note] InnoDB: Initializing buffer pool, total size = 16M, instances = 1, chunk size = 16M
2022-06-06 17:10:15 0 [Note] InnoDB: Completed initialization of buffer pool
2022-06-06 17:10:15 0 [Note] InnoDB: Starting crash recovery from checkpoint LSN=1845433
2022-06-06 17:10:15 0 [Note] InnoDB: 128 out of 128 rollback segments are active.
2022-06-06 17:10:15 0 [Note] InnoDB: Removed temporary tablespace data file: "ibtmp1"
2022-06-06 17:10:15 0 [Note] InnoDB: Creating shared tablespace for temporary tables
2022-06-06 17:10:15 0 [Note] InnoDB: Setting file 'C:\xampp\mysql\data\ibtmp1' size to 12 MB. Physically writing the file full; Please wait ...
2022-06-06 17:10:15 0 [Note] InnoDB: File 'C:\xampp\mysql\data\ibtmp1' size is now 12 MB.
2022-06-06 17:10:15 0 [Note] InnoDB: Waiting for purge to start
2022-06-06 17:10:15 0 [Note] InnoDB: 10.4.24 started; log sequence number 1845442; transaction id 3346
2022-06-06 17:10:15 0 [Note] InnoDB: Loading buffer pool(s) from C:\xampp\mysql\data\ib_buffer_pool
2022-06-06 17:10:15 0 [Note] Plugin 'FEEDBACK' is disabled.
2022-06-06 17:10:15 0 [Note] Server socket created on IP: '::'.
2022-06-07 13:46:34 0 [Note] InnoDB: Mutexes and rw_locks use Windows interlocked functions
2022-06-07 13:46:34 0 [Note] InnoDB: Uses event mutexes
2022-06-07 13:46:34 0 [Note] InnoDB: Compressed tables use zlib 1.2.11
2022-06-07 13:46:34 0 [Note] InnoDB: Number of pools: 1
2022-06-07 13:46:34 0 [Note] InnoDB: Using SSE2 crc32 instructions
2022-06-07 13:46:34 0 [Note] InnoDB: Initializing buffer pool, total size = 16M, instances = 1, chunk size = 16M
2022-06-07 13:46:34 0 [Note] InnoDB: Completed initialization of buffer pool
2022-06-07 13:46:34 0 [Note] InnoDB: Starting crash recovery from checkpoint LSN=1847175
2022-06-07 13:46:34 0 [Note] InnoDB: 128 out of 128 rollback segments are active.
2022-06-07 13:46:34 0 [Note] InnoDB: Removed temporary tablespace data file: "ibtmp1"
2022-06-07 13:46:34 0 [Note] InnoDB: Creating shared tablespace for temporary tables
2022-06-07 13:46:34 0 [Note] InnoDB: Setting file 'C:\xampp\mysql\data\ibtmp1' size to 12 MB. Physically writing the file full; Please wait ...
2022-06-07 13:46:34 0 [Note] InnoDB: File 'C:\xampp\mysql\data\ibtmp1' size is now 12 MB.
2022-06-07 13:46:34 0 [Note] InnoDB: Waiting for purge to start
2022-06-07 13:46:34 0 [Note] InnoDB: 10.4.24 started; log sequence number 1847184; transaction id 3386
2022-06-07 13:46:34 0 [Note] InnoDB: Loading buffer pool(s) from C:\xampp\mysql\data\ib_buffer_pool
2022-06-07 13:46:34 0 [Note] Plugin 'FEEDBACK' is disabled.
2022-06-07 13:46:34 0 [Note] InnoDB: Buffer pool(s) load completed at 220607 13:46:34
2022-06-07 13:46:34 0 [Note] Server socket created on IP: '::'.
2022-06-08  2:10:34 0 [Note] InnoDB: Mutexes and rw_locks use Windows interlocked functions
2022-06-08  2:10:34 0 [Note] InnoDB: Uses event mutexes
2022-06-08  2:10:34 0 [Note] InnoDB: Compressed tables use zlib 1.2.11
2022-06-08  2:10:34 0 [Note] InnoDB: Number of pools: 1
2022-06-08  2:10:34 0 [Note] InnoDB: Using SSE2 crc32 instructions
2022-06-08  2:10:34 0 [Note] InnoDB: Initializing buffer pool, total size = 16M, instances = 1, chunk size = 16M
2022-06-08  2:10:34 0 [Note] InnoDB: Completed initialization of buffer pool
2022-06-08  2:10:34 0 [Note] InnoDB: The log sequence number 300369 in the system tablespace does not match the log sequence number 1932300 in the ib_logfiles!
2022-06-08  2:10:35 0 [Note] InnoDB: 128 out of 128 rollback segments are active.
2022-06-08  2:10:35 0 [Note] InnoDB: Removed temporary tablespace data file: "ibtmp1"
2022-06-08  2:10:35 0 [Note] InnoDB: Creating shared tablespace for temporary tables
2022-06-08  2:10:35 0 [Note] InnoDB: Setting file 'C:\xampp\mysql\data\ibtmp1' size to 12 MB. Physically writing the file full; Please wait ...
2022-06-08  2:10:35 0 [Note] InnoDB: File 'C:\xampp\mysql\data\ibtmp1' size is now 12 MB.
2022-06-08  2:10:35 0 [Note] InnoDB: Waiting for purge to start
2022-06-08  2:10:35 0 [Note] InnoDB: 10.4.24 started; log sequence number 1932300; transaction id 3706
2022-06-08  2:10:35 0 [Note] InnoDB: Loading buffer pool(s) from C:\xampp\mysql\data\ib_buffer_pool
2022-06-08  2:10:35 0 [Note] Plugin 'FEEDBACK' is disabled.
2022-06-08  2:10:35 0 [Note] InnoDB: Buffer pool(s) load completed at 220608  2:10:35
2022-06-08  2:10:35 0 [Note] Server socket created on IP: '::'.
2022-06-08 13:38:11 0 [Note] InnoDB: Mutexes and rw_locks use Windows interlocked functions
2022-06-08 13:38:11 0 [Note] InnoDB: Uses event mutexes
2022-06-08 13:38:11 0 [Note] InnoDB: Compressed tables use zlib 1.2.11
2022-06-08 13:38:11 0 [Note] InnoDB: Number of pools: 1
2022-06-08 13:38:11 0 [Note] InnoDB: Using SSE2 crc32 instructions
2022-06-08 13:38:11 0 [Note] InnoDB: Initializing buffer pool, total size = 16M, instances = 1, chunk size = 16M
2022-06-08 13:38:11 0 [Note] InnoDB: Completed initialization of buffer pool
2022-06-08 13:38:11 0 [Note] InnoDB: Starting crash recovery from checkpoint LSN=2021110
2022-06-08 13:38:12 0 [Note] InnoDB: 128 out of 128 rollback segments are active.
2022-06-08 13:38:12 0 [Note] InnoDB: Removed temporary tablespace data file: "ibtmp1"
2022-06-08 13:38:12 0 [Note] InnoDB: Creating shared tablespace for temporary tables
2022-06-08 13:38:12 0 [Note] InnoDB: Setting file 'C:\xampp\mysql\data\ibtmp1' size to 12 MB. Physically writing the file full; Please wait ...
2022-06-08 13:38:12 0 [Note] InnoDB: File 'C:\xampp\mysql\data\ibtmp1' size is now 12 MB.
2022-06-08 13:38:12 0 [Note] InnoDB: Waiting for purge to start
2022-06-08 13:38:12 0 [Note] InnoDB: 10.4.24 started; log sequence number 2021119; transaction id 4076
2022-06-08 13:38:12 0 [Note] Plugin 'FEEDBACK' is disabled.
2022-06-08 13:38:12 0 [Note] InnoDB: Loading buffer pool(s) from C:\xampp\mysql\data\ib_buffer_pool
2022-06-08 13:38:12 0 [Note] InnoDB: Buffer pool(s) load completed at 220608 13:38:12
2022-06-08 13:38:12 0 [Note] Server socket created on IP: '::'.
2022-06-08 20:42:51 0 [Note] InnoDB: Mutexes and rw_locks use Windows interlocked functions
2022-06-08 20:42:51 0 [Note] InnoDB: Uses event mutexes
2022-06-08 20:42:51 0 [Note] InnoDB: Compressed tables use zlib 1.2.11
2022-06-08 20:42:51 0 [Note] InnoDB: Number of pools: 1
2022-06-08 20:42:51 0 [Note] InnoDB: Using SSE2 crc32 instructions
2022-06-08 20:42:51 0 [Note] InnoDB: Initializing buffer pool, total size = 16M, instances = 1, chunk size = 16M
2022-06-08 20:42:51 0 [Note] InnoDB: Completed initialization of buffer pool
2022-06-08 20:42:51 0 [Note] InnoDB: Starting crash recovery from checkpoint LSN=2161954
2022-06-08 20:42:52 0 [Note] InnoDB: 128 out of 128 rollback segments are active.
2022-06-08 20:42:52 0 [Note] InnoDB: Removed temporary tablespace data file: "ibtmp1"
2022-06-08 20:42:52 0 [Note] InnoDB: Creating shared tablespace for temporary tables
2022-06-08 20:42:52 0 [Note] InnoDB: Setting file 'C:\xampp\mysql\data\ibtmp1' size to 12 MB. Physically writing the file full; Please wait ...
2022-06-08 20:42:52 0 [Note] InnoDB: File 'C:\xampp\mysql\data\ibtmp1' size is now 12 MB.
2022-06-08 20:42:52 0 [Note] InnoDB: Waiting for purge to start
2022-06-08 20:42:52 0 [Note] InnoDB: 10.4.24 started; log sequence number 2161963; transaction id 4457
2022-06-08 20:42:52 0 [Note] InnoDB: Loading buffer pool(s) from C:\xampp\mysql\data\ib_buffer_pool
2022-06-08 20:42:52 0 [Note] Plugin 'FEEDBACK' is disabled.
2022-06-08 20:42:52 0 [Note] Server socket created on IP: '::'.
2022-06-08 22:17:23 0 [Note] InnoDB: Mutexes and rw_locks use Windows interlocked functions
2022-06-08 22:17:23 0 [Note] InnoDB: Uses event mutexes
2022-06-08 22:17:23 0 [Note] InnoDB: Compressed tables use zlib 1.2.11
2022-06-08 22:17:23 0 [Note] InnoDB: Number of pools: 1
2022-06-08 22:17:23 0 [Note] InnoDB: Using SSE2 crc32 instructions
2022-06-08 22:17:23 0 [Note] InnoDB: Initializing buffer pool, total size = 16M, instances = 1, chunk size = 16M
2022-06-08 22:17:23 0 [Note] InnoDB: Completed initialization of buffer pool
2022-06-08 22:17:23 0 [Note] InnoDB: Starting crash recovery from checkpoint LSN=2163555
2022-06-08 22:17:24 0 [Note] InnoDB: 128 out of 128 rollback segments are active.
2022-06-08 22:17:24 0 [Note] InnoDB: Removed temporary tablespace data file: "ibtmp1"
2022-06-08 22:17:24 0 [Note] InnoDB: Creating shared tablespace for temporary tables
2022-06-08 22:17:24 0 [Note] InnoDB: Setting file 'C:\xampp\mysql\data\ibtmp1' size to 12 MB. Physically writing the file full; Please wait ...
2022-06-08 22:17:24 0 [Note] InnoDB: File 'C:\xampp\mysql\data\ibtmp1' size is now 12 MB.
2022-06-08 22:17:24 0 [Note] InnoDB: Waiting for purge to start
2022-06-08 22:17:24 0 [Note] InnoDB: 10.4.24 started; log sequence number 2163564; transaction id 4525
2022-06-08 22:17:24 0 [Note] InnoDB: Loading buffer pool(s) from C:\xampp\mysql\data\ib_buffer_pool
2022-06-08 22:17:24 0 [Note] Plugin 'FEEDBACK' is disabled.
2022-06-08 22:17:24 0 [Note] InnoDB: Buffer pool(s) load completed at 220608 22:17:24
2022-06-08 22:17:24 0 [Note] Server socket created on IP: '::'.
