15:27:32  [main] 	Initializing Control Panel
15:27:32  [main] 	Windows Version:  Home  64-bit
15:27:32  [main] 	XAMPP Version: 8.1.5
15:27:32  [main] 	Control Panel Version: 3.3.0  [ Compiled: Apr 6th 2021 ]
15:27:32  [main] 	Running with Administrator rights - good!
15:27:32  [main] 	XAMPP Installation Directory: "c:\xampp\"
15:27:32  [main] 	Checking for prerequisites
15:27:32  [main] 	All prerequisites found
15:27:32  [main] 	Initializing Modules
15:27:32  [Apache] 	XAMPP Apache is already running on port 80
15:27:32  [Apache] 	XAMPP Apache is already running on port 443
15:27:32  [mysql] 	Problem detected!
15:27:32  [mysql] 	Port 3306 in use by "Unable to open process"!
15:27:32  [mysql] 	MySQL WILL NOT start without the configured ports free!
15:27:32  [mysql] 	You need to uninstall/disable/reconfigure the blocking application
15:27:32  [mysql] 	or reconfigure MySQL and the Control Panel to listen on a different port
15:27:32  [main] 	Starting Check-Timer
15:27:32  [main] 	Control Panel Ready
15:28:01  [mysql] 	Attempting to start MySQL app...
15:28:01  [mysql] 	Status change detected: running
15:28:37  [main] 	Deinitializing Modules
15:28:37  [main] 	Deinitializing Control Panel

15:33:04  [main] 	Initializing Control Panel
15:33:04  [main] 	Windows Version:  Home  64-bit
15:33:04  [main] 	XAMPP Version: 8.1.5
15:33:04  [main] 	Control Panel Version: 3.3.0  [ Compiled: Apr 6th 2021 ]
15:33:04  [main] 	Running with Administrator rights - good!
15:33:04  [main] 	XAMPP Installation Directory: "c:\xampp\"
15:33:04  [main] 	Checking for prerequisites
15:33:04  [main] 	All prerequisites found
15:33:04  [main] 	Initializing Modules
15:33:04  [mysql] 	XAMPP MySQL is already running on port 3307
15:33:04  [main] 	Starting Check-Timer
15:33:04  [main] 	Control Panel Ready
15:33:08  [mysql] 	Attempting to stop MySQL app...
15:33:09  [mysql] 	Status change detected: stopped
15:33:22  [main] 	Deinitializing Modules
15:33:22  [main] 	Deinitializing Control Panel

15:34:46  [main] 	Initializing Control Panel
15:34:46  [main] 	Windows Version:  Home  64-bit
15:34:46  [main] 	XAMPP Version: 8.1.5
15:34:46  [main] 	Control Panel Version: 3.3.0  [ Compiled: Apr 6th 2021 ]
15:34:46  [main] 	Running with Administrator rights - good!
15:34:46  [main] 	XAMPP Installation Directory: "c:\xampp\"
15:34:46  [main] 	Checking for prerequisites
15:34:46  [main] 	All prerequisites found
15:34:46  [main] 	Initializing Modules
15:34:46  [main] 	Starting Check-Timer
15:34:46  [main] 	Control Panel Ready
15:35:42  [main] 	Deinitializing Modules
15:35:42  [main] 	Deinitializing Control Panel

16:06:01  [main] 	Initializing Control Panel
16:06:01  [main] 	Windows Version:  Home  64-bit
16:06:01  [main] 	XAMPP Version: 8.1.5
16:06:01  [main] 	Control Panel Version: 3.3.0  [ Compiled: Apr 6th 2021 ]
16:06:01  [main] 	Running with Administrator rights - good!
16:06:01  [main] 	XAMPP Installation Directory: "c:\xampp\"
16:06:01  [main] 	Checking for prerequisites
16:06:01  [main] 	All prerequisites found
16:06:01  [main] 	Initializing Modules
16:06:01  [main] 	Starting Check-Timer
16:06:01  [main] 	Control Panel Ready
16:08:15  [mysql] 	Attempting to start MySQL app...
16:08:16  [mysql] 	Status change detected: running
16:08:17  [Apache] 	Attempting to start Apache app...
16:08:17  [Apache] 	Status change detected: running
16:08:27  [mysql] 	Attempting to stop MySQL app...
16:08:27  [mysql] 	Status change detected: stopped
16:08:27  [Apache] 	Attempting to stop Apache (PID: 15024)
16:08:27  [Apache] 	Attempting to stop Apache (PID: 15348)
16:08:28  [Apache] 	Status change detected: stopped
16:08:32  [main] 	Deinitializing Modules
16:08:32  [main] 	Deinitializing Control Panel

16:50:40  [main] 	Initializing Control Panel
16:50:40  [main] 	Windows Version:  Home  64-bit
16:50:40  [main] 	XAMPP Version: 8.1.5
16:50:40  [main] 	Control Panel Version: 3.3.0  [ Compiled: Apr 6th 2021 ]
16:50:40  [main] 	Running with Administrator rights - good!
16:50:40  [main] 	XAMPP Installation Directory: "c:\xampp\"
16:50:40  [main] 	Checking for prerequisites
16:50:41  [main] 	All prerequisites found
16:50:41  [main] 	Initializing Modules
16:50:41  [main] 	Starting Check-Timer
16:50:41  [main] 	Control Panel Ready
16:50:43  [Apache] 	Attempting to start Apache app...
16:50:44  [Apache] 	Status change detected: running
16:50:45  [mysql] 	Attempting to start MySQL app...
16:50:45  [mysql] 	Status change detected: running
17:04:38  [Apache] 	Attempting to stop Apache (PID: 13708)
17:04:38  [Apache] 	Attempting to stop Apache (PID: 12100)
17:04:39  [Apache] 	Status change detected: stopped
17:04:39  [mysql] 	Attempting to stop MySQL app...
17:04:40  [mysql] 	Status change detected: stopped
17:06:24  [Apache] 	Attempting to start Apache app...
17:06:24  [Apache] 	Status change detected: running
17:06:24  [mysql] 	Attempting to start MySQL app...
17:06:25  [mysql] 	Status change detected: running
17:07:49  [Apache] 	Attempting to stop Apache (PID: 17752)
17:07:49  [Apache] 	Attempting to stop Apache (PID: 17832)
17:07:49  [Apache] 	Status change detected: stopped
17:07:50  [mysql] 	Attempting to stop MySQL app...
17:07:50  [mysql] 	Status change detected: stopped
17:07:51  [Apache] 	Attempting to start Apache app...
17:07:51  [Apache] 	Status change detected: running
17:07:52  [mysql] 	Attempting to start MySQL app...
17:07:52  [mysql] 	Status change detected: running
17:08:33  [Apache] 	Attempting to stop Apache (PID: 11596)
17:08:33  [Apache] 	Attempting to stop Apache (PID: 13108)
17:08:33  [Apache] 	Status change detected: stopped
17:08:33  [mysql] 	Attempting to stop MySQL app...
17:08:33  [mysql] 	Status change detected: stopped
17:08:35  [Apache] 	Attempting to start Apache app...
17:08:35  [Apache] 	Status change detected: running
17:08:36  [mysql] 	Attempting to start MySQL app...
17:08:37  [mysql] 	Status change detected: running
17:08:41  [main] 	Deinitializing Modules
17:08:41  [main] 	Deinitializing Control Panel

17:08:50  [main] 	Initializing Control Panel
17:08:50  [main] 	Windows Version:  Home  64-bit
17:08:50  [main] 	XAMPP Version: 8.1.5
17:08:50  [main] 	Control Panel Version: 3.3.0  [ Compiled: Apr 6th 2021 ]
17:08:50  [main] 	Running with Administrator rights - good!
17:08:50  [main] 	XAMPP Installation Directory: "c:\xampp\"
17:08:50  [main] 	Checking for prerequisites
17:08:50  [main] 	All prerequisites found
17:08:50  [main] 	Initializing Modules
17:08:50  [Apache] 	XAMPP Apache is already running on port 80
17:08:50  [Apache] 	XAMPP Apache is already running on port 443
17:08:50  [mysql] 	XAMPP MySQL is already running on port 3308
17:08:50  [main] 	Starting Check-Timer
17:08:50  [main] 	Control Panel Ready
17:10:12  [Apache] 	Attempting to stop Apache (PID: 16652)
17:10:12  [Apache] 	Attempting to stop Apache (PID: 17064)
17:10:12  [Apache] 	Status change detected: stopped
17:10:13  [mysql] 	Attempting to stop MySQL app...
17:10:13  [mysql] 	Status change detected: stopped
17:10:14  [Apache] 	Attempting to start Apache app...
17:10:14  [Apache] 	Status change detected: running
17:10:15  [mysql] 	Attempting to start MySQL app...
17:10:15  [mysql] 	Status change detected: running
17:13:28  [Apache] 	Attempting to stop Apache (PID: 13100)
17:13:28  [Apache] 	Attempting to stop Apache (PID: 18036)
17:13:28  [Apache] 	Status change detected: stopped
17:13:28  [mysql] 	Attempting to stop MySQL app...
17:13:28  [mysql] 	Status change detected: stopped
22:19:41  [main] 	Deinitializing Modules
22:19:41  [main] 	Deinitializing Control Panel

