22-05-18 18:44:24 ** --- MESSAGE BEGIN ---
22-05-18 18:44:24 ** To: aniket.pawar19@vit.edu
22-05-18 18:44:24 ** Subject: this is test email
22-05-18 18:44:24 ** From: aniketpawar0351@gmail.com
22-05-18 18:44:24 ** 
22-05-18 18:44:24 ** One Time Password for PHP login authentication is:<br/><br/>761777
22-05-18 18:44:24 ** --- MESSAGE END ---
22-05-18 18:44:25 ** Connecting to smtp.gmail.com:25
22-05-18 18:44:35 ** Disconnected.
22-05-18 18:44:35 ** Disconnected.
22-05-18 18:44:35 ** Disconnected.
22-05-18 18:44:35 ** Disconnected.
22-05-18 18:44:35 ** Connect timed out.
22-05-18 18:54:10 ** --- MESSAGE BEGIN ---
22-05-18 18:54:10 ** To: aniket.pawar19@vit.edu
22-05-18 18:54:10 ** Subject: this is test email
22-05-18 18:54:10 ** From: aniketpawar0351@gmail.com
22-05-18 18:54:10 ** 
22-05-18 18:54:10 ** One Time Password for PHP login authentication is:<br/><br/>973457
22-05-18 18:54:10 ** --- MESSAGE END ---
22-05-18 18:54:10 ** Connecting to smtp.gmail.com:587
22-05-18 18:54:11 ** Connected.
22-05-18 18:54:11 << 220 smtp.gmail.com ESMTP q15-20020a170902a3cf00b0015e8d4eb1d0sm1640893plb.26 - gsmtp<EOL>
22-05-18 18:54:11 >> EHLO LAPTOP-D27PJ6OL<EOL>
22-05-18 18:54:11 << 250-smtp.gmail.com at your service, [103.132.31.240]<EOL>250-SIZE 35882577<EOL>250-8BITMIME<EOL>250-STARTTLS<EOL>250-ENHANCEDSTATUSCODES<EOL>250-PIPELINING<EOL>250-CHUNKING<EOL>250 SMTPUTF8<EOL>
22-05-18 18:54:11 ** Authenticating as aniketpawar0351@gmail.com
22-05-18 18:54:11 >> STARTTLS<EOL>
22-05-18 18:54:11 << 220 2.0.0 Ready to start TLS<EOL>
22-05-18 18:54:11 >> EHLO LAPTOP-D27PJ6OL<EOL>
22-05-18 18:54:12 << 250-smtp.gmail.com at your service, [103.132.31.240]<EOL>250-SIZE 35882577<EOL>250-8BITMIME<EOL>250-AUTH LOGIN PLAIN XOAUTH2 PLAIN-CLIENTTOKEN OAUTHBEARER XOAUTH<EOL>250-ENHANCEDSTATUSCODES<EOL>250-PIPELINING<EOL>250-CHUNKING<EOL>250 SMTPUTF8<EOL>
22-05-18 18:54:12 >> AUTH LOGIN<EOL>
22-05-18 18:54:12 << 334 VXNlcm5hbWU6<EOL>
22-05-18 18:54:12 >> YW5pa2V0cGF3YXIwMzUxQGdtYWlsLmNvbQ==<EOL>
22-05-18 18:54:12 << 334 UGFzc3dvcmQ6<EOL>
22-05-18 18:54:12 >> ODYyNTk4MTAwNg==<EOL>
22-05-18 18:54:13 << 534-5.7.9 Application-specific password required. Learn more at<EOL>534 5.7.9  https://support.google.com/mail/?p=InvalidSecondFactor q15-20020a170902a3cf00b0015e8d4eb1d0sm1640893plb.26 - gsmtp<EOL>
22-05-18 18:54:13 ** Disconnecting from smtp.gmail.com:587
22-05-18 18:54:13 ** Disconnected.
22-05-18 18:54:13 ** Disconnected.
22-05-18 18:54:13 ** Application-specific password required. Learn more at<EOL> https://support.google.com/mail/?p=InvalidSecondFactor q15-20020a170902a3cf00b0015e8d4eb1d0sm1640893plb.26 - gsmtp<EOL>
22-05-18 18:58:05 ** --- MESSAGE BEGIN ---
22-05-18 18:58:05 ** To: aniket.pawar19@vit.edu
22-05-18 18:58:05 ** Subject: this is test email
22-05-18 18:58:05 ** From: aniketpawar0351@gmail.com
22-05-18 18:58:05 ** 
22-05-18 18:58:05 ** One Time Password for PHP login authentication is:<br/><br/>584064
22-05-18 18:58:05 ** --- MESSAGE END ---
22-05-18 18:58:06 ** Connecting to smtp.gmail.com:587
22-05-18 18:58:06 ** Connected.
22-05-18 18:58:06 << 220 smtp.gmail.com ESMTP s26-20020a056a001c5a00b005180ea859d7sm1872926pfw.123 - gsmtp<EOL>
22-05-18 18:58:06 >> EHLO LAPTOP-D27PJ6OL<EOL>
22-05-18 18:58:06 << 250-smtp.gmail.com at your service, [103.132.31.240]<EOL>250-SIZE 35882577<EOL>250-8BITMIME<EOL>250-STARTTLS<EOL>250-ENHANCEDSTATUSCODES<EOL>250-PIPELINING<EOL>250-CHUNKING<EOL>250 SMTPUTF8<EOL>
22-05-18 18:58:06 ** Authenticating as aniketpawar0351@gmail.com
22-05-18 18:58:06 >> STARTTLS<EOL>
22-05-18 18:58:06 << 220 2.0.0 Ready to start TLS<EOL>
22-05-18 18:58:07 >> EHLO LAPTOP-D27PJ6OL<EOL>
22-05-18 18:58:07 << 250-smtp.gmail.com at your service, [103.132.31.240]<EOL>250-SIZE 35882577<EOL>250-8BITMIME<EOL>250-AUTH LOGIN PLAIN XOAUTH2 PLAIN-CLIENTTOKEN OAUTHBEARER XOAUTH<EOL>250-ENHANCEDSTATUSCODES<EOL>250-PIPELINING<EOL>250-CHUNKING<EOL>250 SMTPUTF8<EOL>
22-05-18 18:58:07 >> AUTH LOGIN<EOL>
22-05-18 18:58:07 << 334 VXNlcm5hbWU6<EOL>
22-05-18 18:58:07 >> YW5pa2V0cGF3YXIwMzUxQGdtYWlsLmNvbQ==<EOL>
22-05-18 18:58:07 << 334 UGFzc3dvcmQ6<EOL>
22-05-18 18:58:07 >> ODYyNTk4MTAwNg==<EOL>
22-05-18 18:58:08 << 235 2.7.0 Accepted<EOL>
22-05-18 18:58:08 >> MAIL FROM: <aniketpawar0351@gmail.com><EOL>
22-05-18 18:58:08 << 250 2.1.0 OK s26-20020a056a001c5a00b005180ea859d7sm1872926pfw.123 - gsmtp<EOL>
22-05-18 18:58:08 >> RCPT TO: <aniket.pawar19@vit.edu><EOL>
22-05-18 18:58:08 << 250 2.1.5 OK s26-20020a056a001c5a00b005180ea859d7sm1872926pfw.123 - gsmtp<EOL>
22-05-18 18:58:08 >> DATA<EOL>
22-05-18 18:58:09 << 354  Go ahead s26-20020a056a001c5a00b005180ea859d7sm1872926pfw.123 - gsmtp<EOL>
22-05-18 18:58:09 >> Date: Wed, 18 May 2022 18:58:09 +0530<EOL>
22-05-18 18:58:09 >> To: aniket.pawar19@vit.edu<EOL>
22-05-18 18:58:09 >> Subject: this is test email<EOL>
22-05-18 18:58:09 >> From: aniketpawar0351@gmail.com<EOL>
22-05-18 18:58:09 >> <EOL>
22-05-18 18:58:09 >> One Time Password for PHP login authentication is:<br/><br/>584064<EOL>
22-05-18 18:58:09 >> .<EOL>
22-05-18 18:58:11 << 250 2.0.0 OK  1652880491 s26-20020a056a001c5a00b005180ea859d7sm1872926pfw.123 - gsmtp<EOL>
22-05-18 18:58:11 >> QUIT<EOL>
22-05-18 18:58:12 << 221 2.0.0 closing connection s26-20020a056a001c5a00b005180ea859d7sm1872926pfw.123 - gsmtp<EOL>
22-05-18 18:58:12 ** Disconnecting from smtp.gmail.com:587
22-05-18 18:58:12 ** Disconnected.
22-05-18 18:58:12 ** Disconnected.
22-06-07 17:00:55 ** --- MESSAGE BEGIN ---
22-06-07 17:00:55 ** To: aniket.pawar19@vit.edu
22-06-07 17:00:55 ** Subject: this is our test email
22-06-07 17:00:55 ** From: aniketpawar0351@gmail.com
22-06-07 17:00:55 ** 
22-06-07 17:00:55 ** One Time Password for PHP login authentication is:<br/><br/>867562
22-06-07 17:00:55 ** --- MESSAGE END ---
22-06-07 17:00:56 ** Connecting to smtp.gmail.com:587
22-06-07 17:00:56 ** Connected.
22-06-07 17:00:56 << 220 smtp.gmail.com ESMTP t15-20020a17090340cf00b0016168e90f2csm12064438pld.208 - gsmtp<EOL>
22-06-07 17:00:56 >> EHLO LAPTOP-D27PJ6OL<EOL>
22-06-07 17:00:56 << 250-smtp.gmail.com at your service, [103.132.31.240]<EOL>250-SIZE 35882577<EOL>250-8BITMIME<EOL>250-STARTTLS<EOL>250-ENHANCEDSTATUSCODES<EOL>250-PIPELINING<EOL>250-CHUNKING<EOL>250 SMTPUTF8<EOL>
22-06-07 17:00:56 ** Authenticating as aniketpawar0351@gmail.com
22-06-07 17:00:56 >> STARTTLS<EOL>
22-06-07 17:00:57 << 220 2.0.0 Ready to start TLS<EOL>
22-06-07 17:00:57 >> EHLO LAPTOP-D27PJ6OL<EOL>
22-06-07 17:00:57 << 250-smtp.gmail.com at your service, [103.132.31.240]<EOL>250-SIZE 35882577<EOL>250-8BITMIME<EOL>250-AUTH LOGIN PLAIN XOAUTH2 PLAIN-CLIENTTOKEN OAUTHBEARER XOAUTH<EOL>250-ENHANCEDSTATUSCODES<EOL>250-PIPELINING<EOL>250-CHUNKING<EOL>250 SMTPUTF8<EOL>
22-06-07 17:00:57 >> AUTH LOGIN<EOL>
22-06-07 17:00:57 << 334 VXNlcm5hbWU6<EOL>
22-06-07 17:00:57 >> YW5pa2V0cGF3YXIwMzUxQGdtYWlsLmNvbQ==<EOL>
22-06-07 17:00:58 << 334 UGFzc3dvcmQ6<EOL>
22-06-07 17:00:58 >> ODYyNTk4MTAwNg==<EOL>
22-06-07 17:00:58 << 235 2.7.0 Accepted<EOL>
22-06-07 17:00:58 >> MAIL FROM: <aniketpawar0351@gmail.com><EOL>
22-06-07 17:00:58 << 250 2.1.0 OK t15-20020a17090340cf00b0016168e90f2csm12064438pld.208 - gsmtp<EOL>
22-06-07 17:00:58 >> RCPT TO: <aniket.pawar19@vit.edu><EOL>
22-06-07 17:00:59 << 250 2.1.5 OK t15-20020a17090340cf00b0016168e90f2csm12064438pld.208 - gsmtp<EOL>
22-06-07 17:00:59 >> DATA<EOL>
22-06-07 17:01:00 << 354  Go ahead t15-20020a17090340cf00b0016168e90f2csm12064438pld.208 - gsmtp<EOL>
22-06-07 17:01:00 >> Date: Tue, 7 Jun 2022 17:01:00 +0530<EOL>
22-06-07 17:01:00 >> To: aniket.pawar19@vit.edu<EOL>
22-06-07 17:01:00 >> Subject: this is our test email<EOL>
22-06-07 17:01:00 >> From: aniketpawar0351@gmail.com<EOL>
22-06-07 17:01:00 >> <EOL>
22-06-07 17:01:00 >> One Time Password for PHP login authentication is:<br/><br/>867562<EOL>
22-06-07 17:01:00 >> .<EOL>
22-06-07 17:01:01 << 250 2.0.0 OK  1654601461 t15-20020a17090340cf00b0016168e90f2csm12064438pld.208 - gsmtp<EOL>
22-06-07 17:01:01 >> QUIT<EOL>
22-06-07 17:01:01 << 221 2.0.0 closing connection t15-20020a17090340cf00b0016168e90f2csm12064438pld.208 - gsmtp<EOL>
22-06-07 17:01:01 ** Disconnecting from smtp.gmail.com:587
22-06-07 17:01:01 ** Disconnected.
22-06-07 17:01:01 ** Disconnected.
22-06-07 17:25:23 ** --- MESSAGE BEGIN ---
22-06-07 17:25:23 ** To: aniket.pawar19@vit.edu
22-06-07 17:25:23 ** Subject: this is test email
22-06-07 17:25:23 ** From: aniketpawar0351@gmail.com
22-06-07 17:25:23 ** 
22-06-07 17:25:23 ** One Time Password for PHP login authentication is:<br/><br/>514414
22-06-07 17:25:23 ** --- MESSAGE END ---
22-06-07 17:25:23 ** Connecting to smtp.gmail.com:587
22-06-07 17:25:24 ** Connected.
22-06-07 17:25:24 << 220 smtp.gmail.com ESMTP y15-20020a17090322cf00b0015e8d4eb2c5sm4393316plg.271 - gsmtp<EOL>
22-06-07 17:25:24 >> EHLO LAPTOP-D27PJ6OL<EOL>
22-06-07 17:25:24 << 250-smtp.gmail.com at your service, [103.132.31.240]<EOL>250-SIZE 35882577<EOL>250-8BITMIME<EOL>250-STARTTLS<EOL>250-ENHANCEDSTATUSCODES<EOL>250-PIPELINING<EOL>250-CHUNKING<EOL>250 SMTPUTF8<EOL>
22-06-07 17:25:24 ** Authenticating as aniketpawar0351@gmail.com
22-06-07 17:25:24 >> STARTTLS<EOL>
22-06-07 17:25:24 << 220 2.0.0 Ready to start TLS<EOL>
22-06-07 17:25:24 >> EHLO LAPTOP-D27PJ6OL<EOL>
22-06-07 17:25:25 << 250-smtp.gmail.com at your service, [103.132.31.240]<EOL>250-SIZE 35882577<EOL>250-8BITMIME<EOL>250-AUTH LOGIN PLAIN XOAUTH2 PLAIN-CLIENTTOKEN OAUTHBEARER XOAUTH<EOL>250-ENHANCEDSTATUSCODES<EOL>250-PIPELINING<EOL>250-CHUNKING<EOL>250 SMTPUTF8<EOL>
22-06-07 17:25:25 >> AUTH LOGIN<EOL>
22-06-07 17:25:25 << 334 VXNlcm5hbWU6<EOL>
22-06-07 17:25:25 >> YW5pa2V0cGF3YXIwMzUxQGdtYWlsLmNvbQ==<EOL>
22-06-07 17:25:25 << 334 UGFzc3dvcmQ6<EOL>
22-06-07 17:25:25 >> ODYyNTk4MTAwNg==<EOL>
22-06-07 17:25:26 << 535-5.7.8 Username and Password not accepted. Learn more at<EOL>535 5.7.8  https://support.google.com/mail/?p=BadCredentials y15-20020a17090322cf00b0015e8d4eb2c5sm4393316plg.271 - gsmtp<EOL>
22-06-07 17:25:26 ** Disconnecting from smtp.gmail.com:587
22-06-07 17:25:26 ** Disconnected.
22-06-07 17:25:26 ** Disconnected.
22-06-07 17:25:26 ** Username and Password not accepted. Learn more at<EOL> https://support.google.com/mail/?p=BadCredentials y15-20020a17090322cf00b0015e8d4eb2c5sm4393316plg.271 - gsmtp<EOL>
22-06-07 17:26:18 ** --- MESSAGE BEGIN ---
22-06-07 17:26:18 ** To: aniket.pawar19@vit.edu
22-06-07 17:26:18 ** Subject: this is test email
22-06-07 17:26:18 ** From: aniketpawar0351@gmail.com
22-06-07 17:26:18 ** 
22-06-07 17:26:18 ** One Time Password for PHP login authentication is:<br/><br/>417046
22-06-07 17:26:18 ** --- MESSAGE END ---
22-06-07 17:26:18 ** Connecting to smtp.gmail.com:587
22-06-07 17:26:19 ** Connected.
22-06-07 17:26:19 << 220 smtp.gmail.com ESMTP d9-20020a170902cec900b0016378bfeb90sm12276557plg.227 - gsmtp<EOL>
22-06-07 17:26:19 >> EHLO LAPTOP-D27PJ6OL<EOL>
22-06-07 17:26:19 << 250-smtp.gmail.com at your service, [103.132.31.240]<EOL>250-SIZE 35882577<EOL>250-8BITMIME<EOL>250-STARTTLS<EOL>250-ENHANCEDSTATUSCODES<EOL>250-PIPELINING<EOL>250-CHUNKING<EOL>250 SMTPUTF8<EOL>
22-06-07 17:26:19 ** Authenticating as aniketpawar0351@gmail.com
22-06-07 17:26:19 >> STARTTLS<EOL>
22-06-07 17:26:19 << 220 2.0.0 Ready to start TLS<EOL>
22-06-07 17:26:19 >> EHLO LAPTOP-D27PJ6OL<EOL>
22-06-07 17:26:20 << 250-smtp.gmail.com at your service, [103.132.31.240]<EOL>250-SIZE 35882577<EOL>250-8BITMIME<EOL>250-AUTH LOGIN PLAIN XOAUTH2 PLAIN-CLIENTTOKEN OAUTHBEARER XOAUTH<EOL>250-ENHANCEDSTATUSCODES<EOL>250-PIPELINING<EOL>250-CHUNKING<EOL>250 SMTPUTF8<EOL>
22-06-07 17:26:20 >> AUTH LOGIN<EOL>
22-06-07 17:26:20 << 334 VXNlcm5hbWU6<EOL>
22-06-07 17:26:20 >> YW5pa2V0cGF3YXIwMzUxQGdtYWlsLmNvbQ==<EOL>
22-06-07 17:26:20 << 334 UGFzc3dvcmQ6<EOL>
22-06-07 17:26:20 >> ODYyNTk4MTAwNg==<EOL>
22-06-07 17:26:20 << 535-5.7.8 Username and Password not accepted. Learn more at<EOL>535 5.7.8  https://support.google.com/mail/?p=BadCredentials d9-20020a170902cec900b0016378bfeb90sm12276557plg.227 - gsmtp<EOL>
22-06-07 17:26:20 ** Disconnecting from smtp.gmail.com:587
22-06-07 17:26:20 ** Disconnected.
22-06-07 17:26:20 ** Disconnected.
22-06-07 17:26:20 ** Username and Password not accepted. Learn more at<EOL> https://support.google.com/mail/?p=BadCredentials d9-20020a170902cec900b0016378bfeb90sm12276557plg.227 - gsmtp<EOL>
22-06-07 17:28:02 ** --- MESSAGE BEGIN ---
22-06-07 17:28:02 ** To: aniket.pawar19@vit.edu
22-06-07 17:28:02 ** Subject: this is our test email
22-06-07 17:28:02 ** From: aniketpawar0351@gmail.com
22-06-07 17:28:02 ** 
22-06-07 17:28:02 ** One Time Password for PHP login authentication is:<br/><br/>322329
22-06-07 17:28:02 ** --- MESSAGE END ---
22-06-07 17:28:02 ** Connecting to smtp.gmail.com:587
22-06-07 17:28:03 ** Connected.
22-06-07 17:28:03 << 220 smtp.gmail.com ESMTP 205-20020a6216d6000000b0050dc76281f0sm12628681pfw.202 - gsmtp<EOL>
22-06-07 17:28:03 >> EHLO LAPTOP-D27PJ6OL<EOL>
22-06-07 17:28:03 << 250-smtp.gmail.com at your service, [103.132.31.240]<EOL>250-SIZE 35882577<EOL>250-8BITMIME<EOL>250-STARTTLS<EOL>250-ENHANCEDSTATUSCODES<EOL>250-PIPELINING<EOL>250-CHUNKING<EOL>250 SMTPUTF8<EOL>
22-06-07 17:28:03 ** Authenticating as aniketpawar0351@gmail.com
22-06-07 17:28:03 >> STARTTLS<EOL>
22-06-07 17:28:03 << 220 2.0.0 Ready to start TLS<EOL>
22-06-07 17:28:03 >> EHLO LAPTOP-D27PJ6OL<EOL>
22-06-07 17:28:03 << 250-smtp.gmail.com at your service, [103.132.31.240]<EOL>250-SIZE 35882577<EOL>250-8BITMIME<EOL>250-AUTH LOGIN PLAIN XOAUTH2 PLAIN-CLIENTTOKEN OAUTHBEARER XOAUTH<EOL>250-ENHANCEDSTATUSCODES<EOL>250-PIPELINING<EOL>250-CHUNKING<EOL>250 SMTPUTF8<EOL>
22-06-07 17:28:03 >> AUTH LOGIN<EOL>
22-06-07 17:28:04 << 334 VXNlcm5hbWU6<EOL>
22-06-07 17:28:04 >> YW5pa2V0cGF3YXIwMzUxQGdtYWlsLmNvbQ==<EOL>
22-06-07 17:28:04 << 334 UGFzc3dvcmQ6<EOL>
22-06-07 17:28:04 >> ODYyNTk4MTAwNg==<EOL>
22-06-07 17:28:04 << 535-5.7.8 Username and Password not accepted. Learn more at<EOL>535 5.7.8  https://support.google.com/mail/?p=BadCredentials 205-20020a6216d6000000b0050dc76281f0sm12628681pfw.202 - gsmtp<EOL>
22-06-07 17:28:04 ** Disconnecting from smtp.gmail.com:587
22-06-07 17:28:04 ** Disconnected.
22-06-07 17:28:04 ** Disconnected.
22-06-07 17:28:04 ** Username and Password not accepted. Learn more at<EOL> https://support.google.com/mail/?p=BadCredentials 205-20020a6216d6000000b0050dc76281f0sm12628681pfw.202 - gsmtp<EOL>
22-06-07 17:28:14 ** --- MESSAGE BEGIN ---
22-06-07 17:28:14 ** To: aniket.pawar19@vit.edu
22-06-07 17:28:14 ** Subject: this is our test email
22-06-07 17:28:14 ** From: aniketpawar0351@gmail.com
22-06-07 17:28:14 ** 
22-06-07 17:28:14 ** One Time Password for PHP login authentication is:<br/><br/>848003
22-06-07 17:28:14 ** --- MESSAGE END ---
22-06-07 17:28:15 ** Connecting to smtp.gmail.com:587
22-06-07 17:28:15 ** Connected.
22-06-07 17:28:15 << 220 smtp.gmail.com ESMTP v3-20020a62a503000000b0050dc7628184sm13029879pfm.94 - gsmtp<EOL>
22-06-07 17:28:15 >> EHLO LAPTOP-D27PJ6OL<EOL>
22-06-07 17:28:15 << 250-smtp.gmail.com at your service, [103.132.31.240]<EOL>250-SIZE 35882577<EOL>250-8BITMIME<EOL>250-STARTTLS<EOL>250-ENHANCEDSTATUSCODES<EOL>250-PIPELINING<EOL>250-CHUNKING<EOL>250 SMTPUTF8<EOL>
22-06-07 17:28:15 ** Authenticating as aniketpawar0351@gmail.com
22-06-07 17:28:15 >> STARTTLS<EOL>
22-06-07 17:28:16 << 220 2.0.0 Ready to start TLS<EOL>
22-06-07 17:28:16 >> EHLO LAPTOP-D27PJ6OL<EOL>
22-06-07 17:28:16 << 250-smtp.gmail.com at your service, [103.132.31.240]<EOL>250-SIZE 35882577<EOL>250-8BITMIME<EOL>250-AUTH LOGIN PLAIN XOAUTH2 PLAIN-CLIENTTOKEN OAUTHBEARER XOAUTH<EOL>250-ENHANCEDSTATUSCODES<EOL>250-PIPELINING<EOL>250-CHUNKING<EOL>250 SMTPUTF8<EOL>
22-06-07 17:28:16 >> AUTH LOGIN<EOL>
22-06-07 17:28:16 << 334 VXNlcm5hbWU6<EOL>
22-06-07 17:28:16 >> YW5pa2V0cGF3YXIwMzUxQGdtYWlsLmNvbQ==<EOL>
22-06-07 17:28:16 << 334 UGFzc3dvcmQ6<EOL>
22-06-07 17:28:16 >> ODYyNTk4MTAwNg==<EOL>
22-06-07 17:28:17 << 535-5.7.8 Username and Password not accepted. Learn more at<EOL>535 5.7.8  https://support.google.com/mail/?p=BadCredentials v3-20020a62a503000000b0050dc7628184sm13029879pfm.94 - gsmtp<EOL>
22-06-07 17:28:17 ** Disconnecting from smtp.gmail.com:587
22-06-07 17:28:17 ** Disconnected.
22-06-07 17:28:17 ** Disconnected.
22-06-07 17:28:17 ** Username and Password not accepted. Learn more at<EOL> https://support.google.com/mail/?p=BadCredentials v3-20020a62a503000000b0050dc7628184sm13029879pfm.94 - gsmtp<EOL>
22-06-07 17:29:05 ** --- MESSAGE BEGIN ---
22-06-07 17:29:05 ** To: aniket.pawar19@vit.edu
22-06-07 17:29:05 ** Subject: this is our test email
22-06-07 17:29:05 ** From: aniketpawar0351@gmail.com
22-06-07 17:29:05 ** 
22-06-07 17:29:05 ** One Time Password for PHP login authentication is:<br/><br/>647173
22-06-07 17:29:05 ** --- MESSAGE END ---
22-06-07 17:29:06 ** Connecting to smtp.gmail.com:587
22-06-07 17:29:06 ** Connected.
22-06-07 17:29:06 << 220 smtp.gmail.com ESMTP d12-20020aa7814c000000b0051877c10ec4sm13125886pfn.175 - gsmtp<EOL>
22-06-07 17:29:06 >> EHLO LAPTOP-D27PJ6OL<EOL>
22-06-07 17:29:06 << 250-smtp.gmail.com at your service, [103.132.31.240]<EOL>250-SIZE 35882577<EOL>250-8BITMIME<EOL>250-STARTTLS<EOL>250-ENHANCEDSTATUSCODES<EOL>250-PIPELINING<EOL>250-CHUNKING<EOL>250 SMTPUTF8<EOL>
22-06-07 17:29:06 ** Authenticating as aniketpawar0351@gmail.com
22-06-07 17:29:06 >> STARTTLS<EOL>
22-06-07 17:29:06 << 220 2.0.0 Ready to start TLS<EOL>
22-06-07 17:29:07 >> EHLO LAPTOP-D27PJ6OL<EOL>
22-06-07 17:29:07 << 250-smtp.gmail.com at your service, [103.132.31.240]<EOL>250-SIZE 35882577<EOL>250-8BITMIME<EOL>250-AUTH LOGIN PLAIN XOAUTH2 PLAIN-CLIENTTOKEN OAUTHBEARER XOAUTH<EOL>250-ENHANCEDSTATUSCODES<EOL>250-PIPELINING<EOL>250-CHUNKING<EOL>250 SMTPUTF8<EOL>
22-06-07 17:29:07 >> AUTH LOGIN<EOL>
22-06-07 17:29:07 << 334 VXNlcm5hbWU6<EOL>
22-06-07 17:29:07 >> YW5pa2V0cGF3YXIwMzUxQGdtYWlsLmNvbQ==<EOL>
22-06-07 17:29:07 << 334 UGFzc3dvcmQ6<EOL>
22-06-07 17:29:07 >> ODYyNTk4MTAwNg==<EOL>
22-06-07 17:29:08 << 535-5.7.8 Username and Password not accepted. Learn more at<EOL>535 5.7.8  https://support.google.com/mail/?p=BadCredentials d12-20020aa7814c000000b0051877c10ec4sm13125886pfn.175 - gsmtp<EOL>
22-06-07 17:29:08 ** Disconnecting from smtp.gmail.com:587
22-06-07 17:29:08 ** Disconnected.
22-06-07 17:29:08 ** Disconnected.
22-06-07 17:29:08 ** Username and Password not accepted. Learn more at<EOL> https://support.google.com/mail/?p=BadCredentials d12-20020aa7814c000000b0051877c10ec4sm13125886pfn.175 - gsmtp<EOL>
22-06-07 17:33:12 ** --- MESSAGE BEGIN ---
22-06-07 17:33:12 ** To: aniket.pawar19@vit.edu
22-06-07 17:33:12 ** Subject: this is our test email
22-06-07 17:33:12 ** From: aniketpawar0351@gmail.com
22-06-07 17:33:12 ** 
22-06-07 17:33:12 ** One Time Password for PHP login authentication is:<br/><br/>826264
22-06-07 17:33:12 ** --- MESSAGE END ---
22-06-07 17:33:13 ** Connecting to smtp.gmail.com:587
22-06-07 17:33:13 ** Connected.
22-06-07 17:33:13 << 220 smtp.gmail.com ESMTP j189-20020a6380c6000000b003fc32f8e030sm12496117pgd.79 - gsmtp<EOL>
22-06-07 17:33:13 >> EHLO LAPTOP-D27PJ6OL<EOL>
22-06-07 17:33:13 << 250-smtp.gmail.com at your service, [103.132.31.240]<EOL>250-SIZE 35882577<EOL>250-8BITMIME<EOL>250-STARTTLS<EOL>250-ENHANCEDSTATUSCODES<EOL>250-PIPELINING<EOL>250-CHUNKING<EOL>250 SMTPUTF8<EOL>
22-06-07 17:33:13 ** Authenticating as aniketpawar0351@gmail.com
22-06-07 17:33:13 >> STARTTLS<EOL>
22-06-07 17:33:14 << 220 2.0.0 Ready to start TLS<EOL>
22-06-07 17:33:14 >> EHLO LAPTOP-D27PJ6OL<EOL>
22-06-07 17:33:14 << 250-smtp.gmail.com at your service, [103.132.31.240]<EOL>250-SIZE 35882577<EOL>250-8BITMIME<EOL>250-AUTH LOGIN PLAIN XOAUTH2 PLAIN-CLIENTTOKEN OAUTHBEARER XOAUTH<EOL>250-ENHANCEDSTATUSCODES<EOL>250-PIPELINING<EOL>250-CHUNKING<EOL>250 SMTPUTF8<EOL>
22-06-07 17:33:14 >> AUTH LOGIN<EOL>
22-06-07 17:33:14 << 334 VXNlcm5hbWU6<EOL>
22-06-07 17:33:14 >> YW5pa2V0cGF3YXIwMzUxQGdtYWlsLmNvbQ==<EOL>
22-06-07 17:33:14 << 334 UGFzc3dvcmQ6<EOL>
22-06-07 17:33:14 >> ODYyNTk4MTAwNg==<EOL>
22-06-07 17:33:15 << 535-5.7.8 Username and Password not accepted. Learn more at<EOL>535 5.7.8  https://support.google.com/mail/?p=BadCredentials j189-20020a6380c6000000b003fc32f8e030sm12496117pgd.79 - gsmtp<EOL>
22-06-07 17:33:15 ** Disconnecting from smtp.gmail.com:587
22-06-07 17:33:15 ** Disconnected.
22-06-07 17:33:15 ** Disconnected.
22-06-07 17:33:15 ** Username and Password not accepted. Learn more at<EOL> https://support.google.com/mail/?p=BadCredentials j189-20020a6380c6000000b003fc32f8e030sm12496117pgd.79 - gsmtp<EOL>
22-06-07 17:51:34 ** --- MESSAGE BEGIN ---
22-06-07 17:51:34 ** To: aniketpawar351@gmail.com
22-06-07 17:51:34 ** Subject: this is test email
22-06-07 17:51:34 ** From: aniketpawar0351@gmail.com
22-06-07 17:51:34 ** 
22-06-07 17:51:34 ** One Time Password for PHP login authentication is:<br/><br/>985380
22-06-07 17:51:34 ** --- MESSAGE END ---
22-06-07 17:51:35 ** Connecting to smtp.gmail.com:587
22-06-07 17:51:35 ** Connected.
22-06-07 17:51:35 << 220 smtp.gmail.com ESMTP 8-20020a630008000000b003fd1deccd4dsm9101199pga.59 - gsmtp<EOL>
22-06-07 17:51:35 >> EHLO LAPTOP-D27PJ6OL<EOL>
22-06-07 17:51:35 << 250-smtp.gmail.com at your service, [103.132.31.240]<EOL>250-SIZE 35882577<EOL>250-8BITMIME<EOL>250-STARTTLS<EOL>250-ENHANCEDSTATUSCODES<EOL>250-PIPELINING<EOL>250-CHUNKING<EOL>250 SMTPUTF8<EOL>
22-06-07 17:51:35 ** Authenticating as aniket.pawar19@vit.edu
22-06-07 17:51:35 >> STARTTLS<EOL>
22-06-07 17:51:35 << 220 2.0.0 Ready to start TLS<EOL>
22-06-07 17:51:35 >> EHLO LAPTOP-D27PJ6OL<EOL>
22-06-07 17:51:36 << 250-smtp.gmail.com at your service, [103.132.31.240]<EOL>250-SIZE 35882577<EOL>250-8BITMIME<EOL>250-AUTH LOGIN PLAIN XOAUTH2 PLAIN-CLIENTTOKEN OAUTHBEARER XOAUTH<EOL>250-ENHANCEDSTATUSCODES<EOL>250-PIPELINING<EOL>250-CHUNKING<EOL>250 SMTPUTF8<EOL>
22-06-07 17:51:36 >> AUTH LOGIN<EOL>
22-06-07 17:51:36 << 334 VXNlcm5hbWU6<EOL>
22-06-07 17:51:36 >> YW5pa2V0LnBhd2FyMTlAdml0LmVkdQ==<EOL>
22-06-07 17:51:36 << 334 UGFzc3dvcmQ6<EOL>
22-06-07 17:51:36 >> QW51QDEyMzQ=<EOL>
22-06-07 17:51:37 << 235 2.7.0 Accepted<EOL>
22-06-07 17:51:37 >> MAIL FROM: <aniket.pawar19@vit.edu><EOL>
22-06-07 17:51:37 << 250 2.1.0 OK 8-20020a630008000000b003fd1deccd4dsm9101199pga.59 - gsmtp<EOL>
22-06-07 17:51:37 >> RCPT TO: <aniketpawar351@gmail.com><EOL>
22-06-07 17:51:37 << 250 2.1.5 OK 8-20020a630008000000b003fd1deccd4dsm9101199pga.59 - gsmtp<EOL>
22-06-07 17:51:37 >> DATA<EOL>
22-06-07 17:51:38 << 354  Go ahead 8-20020a630008000000b003fd1deccd4dsm9101199pga.59 - gsmtp<EOL>
22-06-07 17:51:38 >> Date: Tue, 7 Jun 2022 17:51:38 +0530<EOL>
22-06-07 17:51:38 >> To: aniketpawar351@gmail.com<EOL>
22-06-07 17:51:38 >> Subject: this is test email<EOL>
22-06-07 17:51:38 >> From: aniketpawar0351@gmail.com<EOL>
22-06-07 17:51:38 >> <EOL>
22-06-07 17:51:38 >> One Time Password for PHP login authentication is:<br/><br/>985380<EOL>
22-06-07 17:51:38 >> .<EOL>
22-06-07 17:51:38 << 250 2.0.0 OK  1654604498 8-20020a630008000000b003fd1deccd4dsm9101199pga.59 - gsmtp<EOL>
22-06-07 17:51:38 >> QUIT<EOL>
22-06-07 17:51:39 << 221 2.0.0 closing connection 8-20020a630008000000b003fd1deccd4dsm9101199pga.59 - gsmtp<EOL>
22-06-07 17:51:39 ** Disconnecting from smtp.gmail.com:587
22-06-07 17:51:39 ** Disconnected.
22-06-07 17:51:39 ** Disconnected.
22-06-07 17:53:56 ** --- MESSAGE BEGIN ---
22-06-07 17:53:56 ** To: aniketpawar351@gmail.com
22-06-07 17:53:56 ** Subject: this is test email
22-06-07 17:53:56 ** From: aniketpawar0351@gmail.com
22-06-07 17:53:56 ** 
22-06-07 17:53:56 ** One Time Password for PHP login authentication is:<br/><br/>374758
22-06-07 17:53:56 ** --- MESSAGE END ---
22-06-07 17:53:56 ** Connecting to smtp.gmail.com:587
22-06-07 17:53:57 ** Connected.
22-06-07 17:53:57 << 220 smtp.gmail.com ESMTP w22-20020a170902d71600b0015f4b7a012bsm12388924ply.251 - gsmtp<EOL>
22-06-07 17:53:57 >> EHLO LAPTOP-D27PJ6OL<EOL>
22-06-07 17:53:57 << 250-smtp.gmail.com at your service, [103.132.31.240]<EOL>250-SIZE 35882577<EOL>250-8BITMIME<EOL>250-STARTTLS<EOL>250-ENHANCEDSTATUSCODES<EOL>250-PIPELINING<EOL>250-CHUNKING<EOL>250 SMTPUTF8<EOL>
22-06-07 17:53:57 ** Authenticating as aniket.pawar19@vit.edu
22-06-07 17:53:57 >> STARTTLS<EOL>
22-06-07 17:53:57 << 220 2.0.0 Ready to start TLS<EOL>
22-06-07 17:53:57 >> EHLO LAPTOP-D27PJ6OL<EOL>
22-06-07 17:53:58 << 250-smtp.gmail.com at your service, [103.132.31.240]<EOL>250-SIZE 35882577<EOL>250-8BITMIME<EOL>250-AUTH LOGIN PLAIN XOAUTH2 PLAIN-CLIENTTOKEN OAUTHBEARER XOAUTH<EOL>250-ENHANCEDSTATUSCODES<EOL>250-PIPELINING<EOL>250-CHUNKING<EOL>250 SMTPUTF8<EOL>
22-06-07 17:53:58 >> AUTH LOGIN<EOL>
22-06-07 17:53:59 << 334 VXNlcm5hbWU6<EOL>
22-06-07 17:53:59 >> YW5pa2V0LnBhd2FyMTlAdml0LmVkdQ==<EOL>
22-06-07 17:54:00 << 334 UGFzc3dvcmQ6<EOL>
22-06-07 17:54:00 >> QW51QDEyMzQ=<EOL>
22-06-07 17:54:02 << 235 2.7.0 Accepted<EOL>
22-06-07 17:54:02 >> MAIL FROM: <aniket.pawar19@vit.edu><EOL>
22-06-07 17:54:02 << 250 2.1.0 OK w22-20020a170902d71600b0015f4b7a012bsm12388924ply.251 - gsmtp<EOL>
22-06-07 17:54:02 >> RCPT TO: <aniketpawar351@gmail.com><EOL>
22-06-07 17:54:02 << 250 2.1.5 OK w22-20020a170902d71600b0015f4b7a012bsm12388924ply.251 - gsmtp<EOL>
22-06-07 17:54:02 >> DATA<EOL>
22-06-07 17:54:02 << 354  Go ahead w22-20020a170902d71600b0015f4b7a012bsm12388924ply.251 - gsmtp<EOL>
22-06-07 17:54:02 >> Date: Tue, 7 Jun 2022 17:54:02 +0530<EOL>
22-06-07 17:54:02 >> To: aniketpawar351@gmail.com<EOL>
22-06-07 17:54:02 >> Subject: this is test email<EOL>
22-06-07 17:54:02 >> From: aniketpawar0351@gmail.com<EOL>
22-06-07 17:54:02 >> <EOL>
22-06-07 17:54:02 >> One Time Password for PHP login authentication is:<br/><br/>374758<EOL>
22-06-07 17:54:02 >> .<EOL>
22-06-07 17:54:03 << 250 2.0.0 OK  1654604643 w22-20020a170902d71600b0015f4b7a012bsm12388924ply.251 - gsmtp<EOL>
22-06-07 17:54:03 >> QUIT<EOL>
22-06-07 17:54:04 << 221 2.0.0 closing connection w22-20020a170902d71600b0015f4b7a012bsm12388924ply.251 - gsmtp<EOL>
22-06-07 17:54:04 ** Disconnected.
22-06-07 17:54:04 ** Disconnected.
22-06-07 17:54:04 ** Disconnected.
22-06-07 17:55:22 ** --- MESSAGE BEGIN ---
22-06-07 17:55:22 ** To: aniketpawar351@gmail.com
22-06-07 17:55:22 ** Subject: this is test email
22-06-07 17:55:22 ** From: aniketpawar0351@gmail.com
22-06-07 17:55:22 ** 
22-06-07 17:55:22 ** One Time Password for PHP login authentication is:<br/><br/>333418
22-06-07 17:55:22 ** --- MESSAGE END ---
22-06-07 17:55:23 ** Connecting to smtp.gmail.com:587
22-06-07 17:55:23 ** Connected.
22-06-07 17:55:23 << 220 smtp.gmail.com ESMTP 187-20020a6219c4000000b0051bbe0abd8fsm11299803pfz.185 - gsmtp<EOL>
22-06-07 17:55:23 >> EHLO LAPTOP-D27PJ6OL<EOL>
22-06-07 17:55:24 << 250-smtp.gmail.com at your service, [103.132.31.240]<EOL>250-SIZE 35882577<EOL>250-8BITMIME<EOL>250-STARTTLS<EOL>250-ENHANCEDSTATUSCODES<EOL>250-PIPELINING<EOL>250-CHUNKING<EOL>250 SMTPUTF8<EOL>
22-06-07 17:55:24 ** Authenticating as aniket.pawar19@vit.edu
22-06-07 17:55:24 >> STARTTLS<EOL>
22-06-07 17:55:24 << 220 2.0.0 Ready to start TLS<EOL>
22-06-07 17:55:25 >> EHLO LAPTOP-D27PJ6OL<EOL>
22-06-07 17:55:26 << 250-smtp.gmail.com at your service, [103.132.31.240]<EOL>250-SIZE 35882577<EOL>250-8BITMIME<EOL>250-AUTH LOGIN PLAIN XOAUTH2 PLAIN-CLIENTTOKEN OAUTHBEARER XOAUTH<EOL>250-ENHANCEDSTATUSCODES<EOL>250-PIPELINING<EOL>250-CHUNKING<EOL>250 SMTPUTF8<EOL>
22-06-07 17:55:26 >> AUTH LOGIN<EOL>
22-06-07 17:55:26 << 334 VXNlcm5hbWU6<EOL>
22-06-07 17:55:26 >> YW5pa2V0LnBhd2FyMTlAdml0LmVkdQ==<EOL>
22-06-07 17:55:27 << 334 UGFzc3dvcmQ6<EOL>
22-06-07 17:55:27 >> QW51QDEyMzQ=<EOL>
22-06-07 17:55:27 << 235 2.7.0 Accepted<EOL>
22-06-07 17:55:27 >> MAIL FROM: <aniket.pawar19@vit.edu><EOL>
22-06-07 17:55:28 << 250 2.1.0 OK 187-20020a6219c4000000b0051bbe0abd8fsm11299803pfz.185 - gsmtp<EOL>
22-06-07 17:55:28 >> RCPT TO: <aniketpawar351@gmail.com><EOL>
22-06-07 17:55:28 << 250 2.1.5 OK 187-20020a6219c4000000b0051bbe0abd8fsm11299803pfz.185 - gsmtp<EOL>
22-06-07 17:55:28 >> DATA<EOL>
22-06-07 17:55:29 << 354  Go ahead 187-20020a6219c4000000b0051bbe0abd8fsm11299803pfz.185 - gsmtp<EOL>
22-06-07 17:55:29 >> Date: Tue, 7 Jun 2022 17:55:29 +0530<EOL>
22-06-07 17:55:29 >> To: aniketpawar351@gmail.com<EOL>
22-06-07 17:55:29 >> Subject: this is test email<EOL>
22-06-07 17:55:29 >> From: aniketpawar0351@gmail.com<EOL>
22-06-07 17:55:29 >> <EOL>
22-06-07 17:55:29 >> One Time Password for PHP login authentication is:<br/><br/>333418<EOL>
22-06-07 17:55:29 >> .<EOL>
22-06-07 17:55:32 << 250 2.0.0 OK  1654604730 187-20020a6219c4000000b0051bbe0abd8fsm11299803pfz.185 - gsmtp<EOL>
22-06-07 17:55:32 >> QUIT<EOL>
22-06-07 17:55:32 << 221 2.0.0 closing connection 187-20020a6219c4000000b0051bbe0abd8fsm11299803pfz.185 - gsmtp<EOL>
22-06-07 17:55:32 ** Disconnected.
22-06-07 17:55:32 ** Disconnected.
22-06-07 17:55:32 ** Disconnected.
22-06-07 17:58:12 ** --- MESSAGE BEGIN ---
22-06-07 17:58:12 ** To: aniketpawar351@gmail.com
22-06-07 17:58:12 ** Subject: this is test email
22-06-07 17:58:12 ** From: aniket.pawar19@vit.edu
22-06-07 17:58:12 ** 
22-06-07 17:58:12 ** One Time Password for PHP login authentication is:<br/><br/>477257
22-06-07 17:58:12 ** --- MESSAGE END ---
22-06-07 17:58:12 ** Connecting to smtp.gmail.com:587
22-06-07 17:58:12 ** Connected.
22-06-07 17:58:12 << 220 smtp.gmail.com ESMTP j2-20020aa78d02000000b0051827128aeasm12738982pfe.131 - gsmtp<EOL>
22-06-07 17:58:12 >> EHLO LAPTOP-D27PJ6OL<EOL>
22-06-07 17:58:13 << 250-smtp.gmail.com at your service, [103.132.31.240]<EOL>250-SIZE 35882577<EOL>250-8BITMIME<EOL>250-STARTTLS<EOL>250-ENHANCEDSTATUSCODES<EOL>250-PIPELINING<EOL>250-CHUNKING<EOL>250 SMTPUTF8<EOL>
22-06-07 17:58:13 ** Authenticating as aniket.pawar19@vit.edu
22-06-07 17:58:13 >> STARTTLS<EOL>
22-06-07 17:58:13 << 220 2.0.0 Ready to start TLS<EOL>
22-06-07 17:58:13 >> EHLO LAPTOP-D27PJ6OL<EOL>
22-06-07 17:58:13 << 250-smtp.gmail.com at your service, [103.132.31.240]<EOL>250-SIZE 35882577<EOL>250-8BITMIME<EOL>250-AUTH LOGIN PLAIN XOAUTH2 PLAIN-CLIENTTOKEN OAUTHBEARER XOAUTH<EOL>250-ENHANCEDSTATUSCODES<EOL>250-PIPELINING<EOL>250-CHUNKING<EOL>250 SMTPUTF8<EOL>
22-06-07 17:58:13 >> AUTH LOGIN<EOL>
22-06-07 17:58:14 << 334 VXNlcm5hbWU6<EOL>
22-06-07 17:58:14 >> YW5pa2V0LnBhd2FyMTlAdml0LmVkdQ==<EOL>
22-06-07 17:58:14 << 334 UGFzc3dvcmQ6<EOL>
22-06-07 17:58:14 >> QW51QDEyMzQ=<EOL>
22-06-07 17:58:14 << 235 2.7.0 Accepted<EOL>
22-06-07 17:58:14 >> MAIL FROM: <aniket.pawar19@vit.edu><EOL>
22-06-07 17:58:15 << 250 2.1.0 OK j2-20020aa78d02000000b0051827128aeasm12738982pfe.131 - gsmtp<EOL>
22-06-07 17:58:15 >> RCPT TO: <aniketpawar351@gmail.com><EOL>
22-06-07 17:58:15 << 250 2.1.5 OK j2-20020aa78d02000000b0051827128aeasm12738982pfe.131 - gsmtp<EOL>
22-06-07 17:58:15 >> DATA<EOL>
22-06-07 17:58:16 << 354  Go ahead j2-20020aa78d02000000b0051827128aeasm12738982pfe.131 - gsmtp<EOL>
22-06-07 17:58:16 >> Date: Tue, 7 Jun 2022 17:58:16 +0530<EOL>
22-06-07 17:58:16 >> To: aniketpawar351@gmail.com<EOL>
22-06-07 17:58:16 >> Subject: this is test email<EOL>
22-06-07 17:58:16 >> From: aniket.pawar19@vit.edu<EOL>
22-06-07 17:58:16 >> <EOL>
22-06-07 17:58:16 >> One Time Password for PHP login authentication is:<br/><br/>477257<EOL>
22-06-07 17:58:16 >> .<EOL>
22-06-07 17:58:16 << 250 2.0.0 OK  1654604896 j2-20020aa78d02000000b0051827128aeasm12738982pfe.131 - gsmtp<EOL>
22-06-07 17:58:16 >> QUIT<EOL>
22-06-07 17:58:17 << 221 2.0.0 closing connection j2-20020aa78d02000000b0051827128aeasm12738982pfe.131 - gsmtp<EOL>
22-06-07 17:58:17 ** Disconnecting from smtp.gmail.com:587
22-06-07 17:58:17 ** Disconnected.
22-06-07 17:58:17 ** Disconnected.
22-06-07 18:00:13 ** --- MESSAGE BEGIN ---
22-06-07 18:00:13 ** To: aniketpawar0351@gmail.com
22-06-07 18:00:13 ** Subject: this is test email
22-06-07 18:00:13 ** From: aniket.pawar19@vit.edu
22-06-07 18:00:13 ** 
22-06-07 18:00:13 ** One Time Password for PHP login authentication is:<br/><br/>168170
22-06-07 18:00:13 ** --- MESSAGE END ---
22-06-07 18:00:13 ** Connecting to smtp.gmail.com:587
22-06-07 18:00:13 ** Connected.
22-06-07 18:00:13 << 220 smtp.gmail.com ESMTP ij1-20020a17090af80100b001dff2fb7e39sm14570351pjb.24 - gsmtp<EOL>
22-06-07 18:00:13 >> EHLO LAPTOP-D27PJ6OL<EOL>
22-06-07 18:00:14 << 250-smtp.gmail.com at your service, [103.132.31.240]<EOL>250-SIZE 35882577<EOL>250-8BITMIME<EOL>250-STARTTLS<EOL>250-ENHANCEDSTATUSCODES<EOL>250-PIPELINING<EOL>250-CHUNKING<EOL>250 SMTPUTF8<EOL>
22-06-07 18:00:14 ** Authenticating as aniket.pawar19@vit.edu
22-06-07 18:00:14 >> STARTTLS<EOL>
22-06-07 18:00:14 << 220 2.0.0 Ready to start TLS<EOL>
22-06-07 18:00:14 >> EHLO LAPTOP-D27PJ6OL<EOL>
22-06-07 18:00:14 << 250-smtp.gmail.com at your service, [103.132.31.240]<EOL>250-SIZE 35882577<EOL>250-8BITMIME<EOL>250-AUTH LOGIN PLAIN XOAUTH2 PLAIN-CLIENTTOKEN OAUTHBEARER XOAUTH<EOL>250-ENHANCEDSTATUSCODES<EOL>250-PIPELINING<EOL>250-CHUNKING<EOL>250 SMTPUTF8<EOL>
22-06-07 18:00:14 >> AUTH LOGIN<EOL>
22-06-07 18:00:14 << 334 VXNlcm5hbWU6<EOL>
22-06-07 18:00:14 >> YW5pa2V0LnBhd2FyMTlAdml0LmVkdQ==<EOL>
22-06-07 18:00:15 << 334 UGFzc3dvcmQ6<EOL>
22-06-07 18:00:15 >> QW51QDEyMzQ=<EOL>
22-06-07 18:00:15 << 235 2.7.0 Accepted<EOL>
22-06-07 18:00:15 >> MAIL FROM: <aniket.pawar19@vit.edu><EOL>
22-06-07 18:00:15 << 250 2.1.0 OK ij1-20020a17090af80100b001dff2fb7e39sm14570351pjb.24 - gsmtp<EOL>
22-06-07 18:00:15 >> RCPT TO: <aniketpawar0351@gmail.com><EOL>
22-06-07 18:00:16 << 250 2.1.5 OK ij1-20020a17090af80100b001dff2fb7e39sm14570351pjb.24 - gsmtp<EOL>
22-06-07 18:00:16 >> DATA<EOL>
22-06-07 18:00:16 << 354  Go ahead ij1-20020a17090af80100b001dff2fb7e39sm14570351pjb.24 - gsmtp<EOL>
22-06-07 18:00:16 >> Date: Tue, 7 Jun 2022 18:00:16 +0530<EOL>
22-06-07 18:00:16 >> To: aniketpawar0351@gmail.com<EOL>
22-06-07 18:00:16 >> Subject: this is test email<EOL>
22-06-07 18:00:16 >> From: aniket.pawar19@vit.edu<EOL>
22-06-07 18:00:16 >> <EOL>
22-06-07 18:00:16 >> One Time Password for PHP login authentication is:<br/><br/>168170<EOL>
22-06-07 18:00:16 >> .<EOL>
22-06-07 18:00:17 << 250 2.0.0 OK  1654605016 ij1-20020a17090af80100b001dff2fb7e39sm14570351pjb.24 - gsmtp<EOL>
22-06-07 18:00:17 >> QUIT<EOL>
22-06-07 18:00:17 << 221 2.0.0 closing connection ij1-20020a17090af80100b001dff2fb7e39sm14570351pjb.24 - gsmtp<EOL>
22-06-07 18:00:17 ** Disconnecting from smtp.gmail.com:587
22-06-07 18:00:17 ** Disconnected.
22-06-07 18:00:17 ** Disconnected.
22-06-07 18:01:52 ** --- MESSAGE BEGIN ---
22-06-07 18:01:52 ** To: aniketpawar0351@gmail.com
22-06-07 18:01:52 ** Subject: this is test email
22-06-07 18:01:52 ** From: aniket.pawar19@vit.edu
22-06-07 18:01:52 ** 
22-06-07 18:01:52 ** One Time Password for PHP login authentication is:<br/><br/>160253
22-06-07 18:01:52 ** --- MESSAGE END ---
22-06-07 18:01:52 ** Connecting to smtp.gmail.com:587
22-06-07 18:01:53 ** Connected.
22-06-07 18:01:53 << 220 smtp.gmail.com ESMTP p6-20020a17090a930600b001e6681adc16sm11373154pjo.42 - gsmtp<EOL>
22-06-07 18:01:53 >> EHLO LAPTOP-D27PJ6OL<EOL>
22-06-07 18:01:53 << 250-smtp.gmail.com at your service, [103.132.31.240]<EOL>250-SIZE 35882577<EOL>250-8BITMIME<EOL>250-STARTTLS<EOL>250-ENHANCEDSTATUSCODES<EOL>250-PIPELINING<EOL>250-CHUNKING<EOL>250 SMTPUTF8<EOL>
22-06-07 18:01:53 ** Authenticating as aniket.pawar19@vit.edu
22-06-07 18:01:53 >> STARTTLS<EOL>
22-06-07 18:01:53 << 220 2.0.0 Ready to start TLS<EOL>
22-06-07 18:01:53 >> EHLO LAPTOP-D27PJ6OL<EOL>
22-06-07 18:01:53 << 250-smtp.gmail.com at your service, [103.132.31.240]<EOL>250-SIZE 35882577<EOL>250-8BITMIME<EOL>250-AUTH LOGIN PLAIN XOAUTH2 PLAIN-CLIENTTOKEN OAUTHBEARER XOAUTH<EOL>250-ENHANCEDSTATUSCODES<EOL>250-PIPELINING<EOL>250-CHUNKING<EOL>250 SMTPUTF8<EOL>
22-06-07 18:01:53 >> AUTH LOGIN<EOL>
22-06-07 18:01:54 << 334 VXNlcm5hbWU6<EOL>
22-06-07 18:01:54 >> YW5pa2V0LnBhd2FyMTlAdml0LmVkdQ==<EOL>
22-06-07 18:01:54 << 334 UGFzc3dvcmQ6<EOL>
22-06-07 18:01:54 >> QW51QDEyMzQ=<EOL>
22-06-07 18:01:54 << 235 2.7.0 Accepted<EOL>
22-06-07 18:01:54 >> MAIL FROM: <aniket.pawar19@vit.edu><EOL>
22-06-07 18:01:55 << 250 2.1.0 OK p6-20020a17090a930600b001e6681adc16sm11373154pjo.42 - gsmtp<EOL>
22-06-07 18:01:55 >> RCPT TO: <aniketpawar0351@gmail.com><EOL>
22-06-07 18:01:55 << 250 2.1.5 OK p6-20020a17090a930600b001e6681adc16sm11373154pjo.42 - gsmtp<EOL>
22-06-07 18:01:55 >> DATA<EOL>
22-06-07 18:01:55 << 354  Go ahead p6-20020a17090a930600b001e6681adc16sm11373154pjo.42 - gsmtp<EOL>
22-06-07 18:01:55 >> Date: Tue, 7 Jun 2022 18:01:55 +0530<EOL>
22-06-07 18:01:55 >> To: aniketpawar0351@gmail.com<EOL>
22-06-07 18:01:55 >> Subject: this is test email<EOL>
22-06-07 18:01:55 >> From: aniket.pawar19@vit.edu<EOL>
22-06-07 18:01:55 >> <EOL>
22-06-07 18:01:55 >> One Time Password for PHP login authentication is:<br/><br/>160253<EOL>
22-06-07 18:01:55 >> .<EOL>
22-06-07 18:01:56 << 250 2.0.0 OK  1654605116 p6-20020a17090a930600b001e6681adc16sm11373154pjo.42 - gsmtp<EOL>
22-06-07 18:01:56 >> QUIT<EOL>
22-06-07 18:01:56 << 221 2.0.0 closing connection p6-20020a17090a930600b001e6681adc16sm11373154pjo.42 - gsmtp<EOL>
22-06-07 18:01:56 ** Disconnecting from smtp.gmail.com:587
22-06-07 18:01:56 ** Disconnected.
22-06-07 18:01:56 ** Disconnected.
22-06-07 18:13:14 ** --- MESSAGE BEGIN ---
22-06-07 18:13:14 ** To: 
22-06-07 18:13:14 ** Subject: this is our test email
22-06-07 18:13:14 ** From: aniket.pawar19@vit.edu
22-06-07 18:13:14 ** 
22-06-07 18:13:14 ** One Time Password for PHP login authentication is:<br/><br/>319089
22-06-07 18:13:14 ** --- MESSAGE END ---
22-06-07 18:13:14 ** Message is missing recipient's address
22-06-07 18:13:25 ** --- MESSAGE BEGIN ---
22-06-07 18:13:25 ** To: aniketpawar0351@gmail.com
22-06-07 18:13:25 ** Subject: this is test email
22-06-07 18:13:25 ** From: aniket.pawar19@vit.edu
22-06-07 18:13:25 ** 
22-06-07 18:13:25 ** One Time Password for PHP login authentication is:<br/><br/>951874
22-06-07 18:13:25 ** --- MESSAGE END ---
22-06-07 18:13:26 ** Connecting to smtp.gmail.com:587
22-06-07 18:13:26 ** Connected.
22-06-07 18:13:26 << 220 smtp.gmail.com ESMTP w10-20020aa7858a000000b0051bce5dc754sm10543257pfn.194 - gsmtp<EOL>
22-06-07 18:13:26 >> EHLO LAPTOP-D27PJ6OL<EOL>
22-06-07 18:13:26 << 250-smtp.gmail.com at your service, [103.132.31.240]<EOL>250-SIZE 35882577<EOL>250-8BITMIME<EOL>250-STARTTLS<EOL>250-ENHANCEDSTATUSCODES<EOL>250-PIPELINING<EOL>250-CHUNKING<EOL>250 SMTPUTF8<EOL>
22-06-07 18:13:26 ** Authenticating as aniket.pawar19@vit.edu
22-06-07 18:13:26 >> STARTTLS<EOL>
22-06-07 18:13:26 << 220 2.0.0 Ready to start TLS<EOL>
22-06-07 18:13:27 >> EHLO LAPTOP-D27PJ6OL<EOL>
22-06-07 18:13:27 << 250-smtp.gmail.com at your service, [103.132.31.240]<EOL>250-SIZE 35882577<EOL>250-8BITMIME<EOL>250-AUTH LOGIN PLAIN XOAUTH2 PLAIN-CLIENTTOKEN OAUTHBEARER XOAUTH<EOL>250-ENHANCEDSTATUSCODES<EOL>250-PIPELINING<EOL>250-CHUNKING<EOL>250 SMTPUTF8<EOL>
22-06-07 18:13:27 >> AUTH LOGIN<EOL>
22-06-07 18:13:27 << 334 VXNlcm5hbWU6<EOL>
22-06-07 18:13:27 >> YW5pa2V0LnBhd2FyMTlAdml0LmVkdQ==<EOL>
22-06-07 18:13:27 << 334 UGFzc3dvcmQ6<EOL>
22-06-07 18:13:27 >> QW51QDEyMzQ=<EOL>
22-06-07 18:13:28 << 235 2.7.0 Accepted<EOL>
22-06-07 18:13:28 >> MAIL FROM: <aniket.pawar19@vit.edu><EOL>
22-06-07 18:13:28 << 250 2.1.0 OK w10-20020aa7858a000000b0051bce5dc754sm10543257pfn.194 - gsmtp<EOL>
22-06-07 18:13:28 >> RCPT TO: <aniketpawar0351@gmail.com><EOL>
22-06-07 18:13:28 << 250 2.1.5 OK w10-20020aa7858a000000b0051bce5dc754sm10543257pfn.194 - gsmtp<EOL>
22-06-07 18:13:28 >> DATA<EOL>
22-06-07 18:13:28 << 354  Go ahead w10-20020aa7858a000000b0051bce5dc754sm10543257pfn.194 - gsmtp<EOL>
22-06-07 18:13:28 >> Date: Tue, 7 Jun 2022 18:13:28 +0530<EOL>
22-06-07 18:13:28 >> To: aniketpawar0351@gmail.com<EOL>
22-06-07 18:13:28 >> Subject: this is test email<EOL>
22-06-07 18:13:28 >> From: aniket.pawar19@vit.edu<EOL>
22-06-07 18:13:28 >> <EOL>
22-06-07 18:13:28 >> One Time Password for PHP login authentication is:<br/><br/>951874<EOL>
22-06-07 18:13:28 >> .<EOL>
22-06-07 18:13:29 << 250 2.0.0 OK  1654605809 w10-20020aa7858a000000b0051bce5dc754sm10543257pfn.194 - gsmtp<EOL>
22-06-07 18:13:29 >> QUIT<EOL>
22-06-07 18:13:29 << 221 2.0.0 closing connection w10-20020aa7858a000000b0051bce5dc754sm10543257pfn.194 - gsmtp<EOL>
22-06-07 18:13:29 ** Disconnecting from smtp.gmail.com:587
22-06-07 18:13:29 ** Disconnected.
22-06-07 18:13:29 ** Disconnected.
22-06-07 18:13:46 ** --- MESSAGE BEGIN ---
22-06-07 18:13:46 ** To: aniketpawar0351@gmail.com
22-06-07 18:13:46 ** Subject: this is our test email
22-06-07 18:13:46 ** From: aniket.pawar19@vit.edu
22-06-07 18:13:46 ** 
22-06-07 18:13:46 ** One Time Password for PHP login authentication is:<br/><br/>942802
22-06-07 18:13:46 ** --- MESSAGE END ---
22-06-07 18:13:47 ** Connecting to smtp.gmail.com:587
22-06-07 18:13:47 ** Connected.
22-06-07 18:13:47 << 220 smtp.gmail.com ESMTP v10-20020aa7850a000000b0051868418b06sm10607943pfn.35 - gsmtp<EOL>
22-06-07 18:13:47 >> EHLO LAPTOP-D27PJ6OL<EOL>
22-06-07 18:13:47 << 250-smtp.gmail.com at your service, [103.132.31.240]<EOL>250-SIZE 35882577<EOL>250-8BITMIME<EOL>250-STARTTLS<EOL>250-ENHANCEDSTATUSCODES<EOL>250-PIPELINING<EOL>250-CHUNKING<EOL>250 SMTPUTF8<EOL>
22-06-07 18:13:47 ** Authenticating as aniket.pawar19@vit.edu
22-06-07 18:13:47 >> STARTTLS<EOL>
22-06-07 18:13:48 << 220 2.0.0 Ready to start TLS<EOL>
22-06-07 18:13:48 >> EHLO LAPTOP-D27PJ6OL<EOL>
22-06-07 18:13:48 << 250-smtp.gmail.com at your service, [103.132.31.240]<EOL>250-SIZE 35882577<EOL>250-8BITMIME<EOL>250-AUTH LOGIN PLAIN XOAUTH2 PLAIN-CLIENTTOKEN OAUTHBEARER XOAUTH<EOL>250-ENHANCEDSTATUSCODES<EOL>250-PIPELINING<EOL>250-CHUNKING<EOL>250 SMTPUTF8<EOL>
22-06-07 18:13:48 >> AUTH LOGIN<EOL>
22-06-07 18:13:48 << 334 VXNlcm5hbWU6<EOL>
22-06-07 18:13:48 >> YW5pa2V0LnBhd2FyMTlAdml0LmVkdQ==<EOL>
22-06-07 18:13:48 << 334 UGFzc3dvcmQ6<EOL>
22-06-07 18:13:48 >> QW51QDEyMzQ=<EOL>
22-06-07 18:13:49 << 235 2.7.0 Accepted<EOL>
22-06-07 18:13:49 >> MAIL FROM: <aniket.pawar19@vit.edu><EOL>
22-06-07 18:13:49 << 250 2.1.0 OK v10-20020aa7850a000000b0051868418b06sm10607943pfn.35 - gsmtp<EOL>
22-06-07 18:13:49 >> RCPT TO: <aniketpawar0351@gmail.com><EOL>
22-06-07 18:13:49 << 250 2.1.5 OK v10-20020aa7850a000000b0051868418b06sm10607943pfn.35 - gsmtp<EOL>
22-06-07 18:13:49 >> DATA<EOL>
22-06-07 18:13:50 << 354  Go ahead v10-20020aa7850a000000b0051868418b06sm10607943pfn.35 - gsmtp<EOL>
22-06-07 18:13:50 >> Date: Tue, 7 Jun 2022 18:13:50 +0530<EOL>
22-06-07 18:13:50 >> To: aniketpawar0351@gmail.com<EOL>
22-06-07 18:13:50 >> Subject: this is our test email<EOL>
22-06-07 18:13:50 >> From: aniket.pawar19@vit.edu<EOL>
22-06-07 18:13:50 >> <EOL>
22-06-07 18:13:50 >> One Time Password for PHP login authentication is:<br/><br/>942802<EOL>
22-06-07 18:13:50 >> .<EOL>
22-06-07 18:13:50 << 250 2.0.0 OK  1654605830 v10-20020aa7850a000000b0051868418b06sm10607943pfn.35 - gsmtp<EOL>
22-06-07 18:13:50 >> QUIT<EOL>
22-06-07 18:13:50 << 221 2.0.0 closing connection v10-20020aa7850a000000b0051868418b06sm10607943pfn.35 - gsmtp<EOL>
22-06-07 18:13:50 ** Disconnecting from smtp.gmail.com:587
22-06-07 18:13:50 ** Disconnected.
22-06-07 18:13:50 ** Disconnected.
22-06-07 18:14:57 ** --- MESSAGE BEGIN ---
22-06-07 18:14:57 ** To: aniketpawar0351@gmail.com
22-06-07 18:14:57 ** Subject: this is our test email
22-06-07 18:14:57 ** From: aniket.pawar19@vit.edu
22-06-07 18:14:57 ** 
22-06-07 18:14:57 ** One Time Password for PHP login authentication is:<br/><br/>243021
22-06-07 18:14:57 ** --- MESSAGE END ---
22-06-07 18:14:57 ** Connecting to smtp.gmail.com:587
22-06-07 18:14:58 ** Connected.
22-06-07 18:14:58 << 220 smtp.gmail.com ESMTP m11-20020a65438b000000b003fadc415bfdsm12570081pgp.8 - gsmtp<EOL>
22-06-07 18:14:58 >> EHLO LAPTOP-D27PJ6OL<EOL>
22-06-07 18:14:58 << 250-smtp.gmail.com at your service, [103.132.31.240]<EOL>250-SIZE 35882577<EOL>250-8BITMIME<EOL>250-STARTTLS<EOL>250-ENHANCEDSTATUSCODES<EOL>250-PIPELINING<EOL>250-CHUNKING<EOL>250 SMTPUTF8<EOL>
22-06-07 18:14:58 ** Authenticating as aniket.pawar19@vit.edu
22-06-07 18:14:58 >> STARTTLS<EOL>
22-06-07 18:14:58 << 220 2.0.0 Ready to start TLS<EOL>
22-06-07 18:14:58 >> EHLO LAPTOP-D27PJ6OL<EOL>
22-06-07 18:14:59 << 250-smtp.gmail.com at your service, [103.132.31.240]<EOL>250-SIZE 35882577<EOL>250-8BITMIME<EOL>250-AUTH LOGIN PLAIN XOAUTH2 PLAIN-CLIENTTOKEN OAUTHBEARER XOAUTH<EOL>250-ENHANCEDSTATUSCODES<EOL>250-PIPELINING<EOL>250-CHUNKING<EOL>250 SMTPUTF8<EOL>
22-06-07 18:14:59 >> AUTH LOGIN<EOL>
22-06-07 18:14:59 << 334 VXNlcm5hbWU6<EOL>
22-06-07 18:14:59 >> YW5pa2V0LnBhd2FyMTlAdml0LmVkdQ==<EOL>
22-06-07 18:14:59 << 334 UGFzc3dvcmQ6<EOL>
22-06-07 18:14:59 >> QW51QDEyMzQ=<EOL>
22-06-07 18:14:59 << 235 2.7.0 Accepted<EOL>
22-06-07 18:14:59 >> MAIL FROM: <aniket.pawar19@vit.edu><EOL>
22-06-07 18:15:00 << 250 2.1.0 OK m11-20020a65438b000000b003fadc415bfdsm12570081pgp.8 - gsmtp<EOL>
22-06-07 18:15:00 >> RCPT TO: <aniketpawar0351@gmail.com><EOL>
22-06-07 18:15:00 << 250 2.1.5 OK m11-20020a65438b000000b003fadc415bfdsm12570081pgp.8 - gsmtp<EOL>
22-06-07 18:15:00 >> DATA<EOL>
22-06-07 18:15:00 << 354  Go ahead m11-20020a65438b000000b003fadc415bfdsm12570081pgp.8 - gsmtp<EOL>
22-06-07 18:15:00 >> Date: Tue, 7 Jun 2022 18:15:00 +0530<EOL>
22-06-07 18:15:00 >> To: aniketpawar0351@gmail.com<EOL>
22-06-07 18:15:00 >> Subject: this is our test email<EOL>
22-06-07 18:15:00 >> From: aniket.pawar19@vit.edu<EOL>
22-06-07 18:15:00 >> <EOL>
22-06-07 18:15:00 >> One Time Password for PHP login authentication is:<br/><br/>243021<EOL>
22-06-07 18:15:00 >> .<EOL>
22-06-07 18:15:01 << 250 2.0.0 OK  1654605901 m11-20020a65438b000000b003fadc415bfdsm12570081pgp.8 - gsmtp<EOL>
22-06-07 18:15:01 >> QUIT<EOL>
22-06-07 18:15:01 << 221 2.0.0 closing connection m11-20020a65438b000000b003fadc415bfdsm12570081pgp.8 - gsmtp<EOL>
22-06-07 18:15:01 ** Disconnecting from smtp.gmail.com:587
22-06-07 18:15:01 ** Disconnected.
22-06-07 18:15:01 ** Disconnected.
22-06-07 18:15:13 ** --- MESSAGE BEGIN ---
22-06-07 18:15:13 ** To: aniketpawar0351@gmail.com
22-06-07 18:15:13 ** Subject: this is our test email
22-06-07 18:15:14 ** From: aniket.pawar19@vit.edu
22-06-07 18:15:14 ** 
22-06-07 18:15:14 ** One Time Password for PHP login authentication is:<br/><br/>727912
22-06-07 18:15:14 ** --- MESSAGE END ---
22-06-07 18:15:14 ** Connecting to smtp.gmail.com:587
22-06-07 18:15:14 ** Connected.
22-06-07 18:15:14 << 220 smtp.gmail.com ESMTP q9-20020a170902dac900b001663e1881ecsm10571536plx.306 - gsmtp<EOL>
22-06-07 18:15:14 >> EHLO LAPTOP-D27PJ6OL<EOL>
22-06-07 18:15:15 << 250-smtp.gmail.com at your service, [103.132.31.240]<EOL>250-SIZE 35882577<EOL>250-8BITMIME<EOL>250-STARTTLS<EOL>250-ENHANCEDSTATUSCODES<EOL>250-PIPELINING<EOL>250-CHUNKING<EOL>250 SMTPUTF8<EOL>
22-06-07 18:15:15 ** Authenticating as aniket.pawar19@vit.edu
22-06-07 18:15:15 >> STARTTLS<EOL>
22-06-07 18:15:15 << 220 2.0.0 Ready to start TLS<EOL>
22-06-07 18:15:15 >> EHLO LAPTOP-D27PJ6OL<EOL>
22-06-07 18:15:15 << 250-smtp.gmail.com at your service, [103.132.31.240]<EOL>250-SIZE 35882577<EOL>250-8BITMIME<EOL>250-AUTH LOGIN PLAIN XOAUTH2 PLAIN-CLIENTTOKEN OAUTHBEARER XOAUTH<EOL>250-ENHANCEDSTATUSCODES<EOL>250-PIPELINING<EOL>250-CHUNKING<EOL>250 SMTPUTF8<EOL>
22-06-07 18:15:15 >> AUTH LOGIN<EOL>
22-06-07 18:15:15 << 334 VXNlcm5hbWU6<EOL>
22-06-07 18:15:15 >> YW5pa2V0LnBhd2FyMTlAdml0LmVkdQ==<EOL>
22-06-07 18:15:16 << 334 UGFzc3dvcmQ6<EOL>
22-06-07 18:15:16 >> QW51QDEyMzQ=<EOL>
22-06-07 18:15:16 << 235 2.7.0 Accepted<EOL>
22-06-07 18:15:16 >> MAIL FROM: <aniket.pawar19@vit.edu><EOL>
22-06-07 18:15:16 << 250 2.1.0 OK q9-20020a170902dac900b001663e1881ecsm10571536plx.306 - gsmtp<EOL>
22-06-07 18:15:16 >> RCPT TO: <aniketpawar0351@gmail.com><EOL>
22-06-07 18:15:17 << 250 2.1.5 OK q9-20020a170902dac900b001663e1881ecsm10571536plx.306 - gsmtp<EOL>
22-06-07 18:15:17 >> DATA<EOL>
22-06-07 18:15:17 << 354  Go ahead q9-20020a170902dac900b001663e1881ecsm10571536plx.306 - gsmtp<EOL>
22-06-07 18:15:17 >> Date: Tue, 7 Jun 2022 18:15:17 +0530<EOL>
22-06-07 18:15:17 >> To: aniketpawar0351@gmail.com<EOL>
22-06-07 18:15:17 >> Subject: this is our test email<EOL>
22-06-07 18:15:17 >> From: aniket.pawar19@vit.edu<EOL>
22-06-07 18:15:17 >> <EOL>
22-06-07 18:15:17 >> One Time Password for PHP login authentication is:<br/><br/>727912<EOL>
22-06-07 18:15:17 >> .<EOL>
22-06-07 18:15:18 << 250 2.0.0 OK  1654605917 q9-20020a170902dac900b001663e1881ecsm10571536plx.306 - gsmtp<EOL>
22-06-07 18:15:18 >> QUIT<EOL>
22-06-07 18:15:18 << 221 2.0.0 closing connection q9-20020a170902dac900b001663e1881ecsm10571536plx.306 - gsmtp<EOL>
22-06-07 18:15:18 ** Disconnecting from smtp.gmail.com:587
22-06-07 18:15:18 ** Disconnected.
22-06-07 18:15:18 ** Disconnected.
22-06-07 18:39:00 ** --- MESSAGE BEGIN ---
22-06-07 18:39:00 ** To: aniketpawar0351@gmail.com
22-06-07 18:39:00 ** Subject: this is test email
22-06-07 18:39:00 ** From: aniket.pawar19@vit.edu
22-06-07 18:39:01 ** 
22-06-07 18:39:01 ** One Time Password for PHP login authentication is:<br/><br/>443872
22-06-07 18:39:01 ** --- MESSAGE END ---
22-06-07 18:39:01 ** Connecting to smtp.gmail.com:587
22-06-07 18:39:01 ** Connected.
22-06-07 18:39:01 << 220 smtp.gmail.com ESMTP cp14-20020a170902e78e00b0015e8d4eb1d3sm12358675plb.29 - gsmtp<EOL>
22-06-07 18:39:01 >> EHLO LAPTOP-D27PJ6OL<EOL>
22-06-07 18:39:02 << 250-smtp.gmail.com at your service, [103.132.31.240]<EOL>250-SIZE 35882577<EOL>250-8BITMIME<EOL>250-STARTTLS<EOL>250-ENHANCEDSTATUSCODES<EOL>250-PIPELINING<EOL>250-CHUNKING<EOL>250 SMTPUTF8<EOL>
22-06-07 18:39:02 ** Authenticating as aniket.pawar19@vit.edu
22-06-07 18:39:02 >> STARTTLS<EOL>
22-06-07 18:39:02 << 220 2.0.0 Ready to start TLS<EOL>
22-06-07 18:39:02 >> EHLO LAPTOP-D27PJ6OL<EOL>
22-06-07 18:39:02 << 250-smtp.gmail.com at your service, [103.132.31.240]<EOL>250-SIZE 35882577<EOL>250-8BITMIME<EOL>250-AUTH LOGIN PLAIN XOAUTH2 PLAIN-CLIENTTOKEN OAUTHBEARER XOAUTH<EOL>250-ENHANCEDSTATUSCODES<EOL>250-PIPELINING<EOL>250-CHUNKING<EOL>250 SMTPUTF8<EOL>
22-06-07 18:39:02 >> AUTH LOGIN<EOL>
22-06-07 18:39:02 << 334 VXNlcm5hbWU6<EOL>
22-06-07 18:39:02 >> YW5pa2V0LnBhd2FyMTlAdml0LmVkdQ==<EOL>
22-06-07 18:39:03 << 334 UGFzc3dvcmQ6<EOL>
22-06-07 18:39:03 >> QW51QDEyMzQ=<EOL>
22-06-07 18:39:03 << 235 2.7.0 Accepted<EOL>
22-06-07 18:39:03 >> MAIL FROM: <aniket.pawar19@vit.edu><EOL>
22-06-07 18:39:03 << 250 2.1.0 OK cp14-20020a170902e78e00b0015e8d4eb1d3sm12358675plb.29 - gsmtp<EOL>
22-06-07 18:39:03 >> RCPT TO: <aniketpawar0351@gmail.com><EOL>
22-06-07 18:39:04 << 250 2.1.5 OK cp14-20020a170902e78e00b0015e8d4eb1d3sm12358675plb.29 - gsmtp<EOL>
22-06-07 18:39:04 >> DATA<EOL>
22-06-07 18:39:04 << 354  Go ahead cp14-20020a170902e78e00b0015e8d4eb1d3sm12358675plb.29 - gsmtp<EOL>
22-06-07 18:39:04 >> Date: Tue, 7 Jun 2022 18:39:04 +0530<EOL>
22-06-07 18:39:04 >> To: aniketpawar0351@gmail.com<EOL>
22-06-07 18:39:04 >> Subject: this is test email<EOL>
22-06-07 18:39:04 >> From: aniket.pawar19@vit.edu<EOL>
22-06-07 18:39:04 >> <EOL>
22-06-07 18:39:04 >> One Time Password for PHP login authentication is:<br/><br/>443872<EOL>
22-06-07 18:39:04 >> .<EOL>
22-06-07 18:39:05 << 250 2.0.0 OK  1654607345 cp14-20020a170902e78e00b0015e8d4eb1d3sm12358675plb.29 - gsmtp<EOL>
22-06-07 18:39:05 >> QUIT<EOL>
22-06-07 18:39:05 << 221 2.0.0 closing connection cp14-20020a170902e78e00b0015e8d4eb1d3sm12358675plb.29 - gsmtp<EOL>
22-06-07 18:39:05 ** Disconnecting from smtp.gmail.com:587
22-06-07 18:39:05 ** Disconnected.
22-06-07 18:39:05 ** Disconnected.
22-06-07 18:43:23 ** --- MESSAGE BEGIN ---
22-06-07 18:43:23 ** To: aniketpawar0351@gmail.com
22-06-07 18:43:23 ** Subject: this is test email
22-06-07 18:43:23 ** From: aniket.pawar19@vit.edu
22-06-07 18:43:23 ** 
22-06-07 18:43:23 ** One Time Password for PHP login authentication is:<br/><br/>700914
22-06-07 18:43:23 ** --- MESSAGE END ---
22-06-07 18:43:23 ** Connecting to smtp.gmail.com:587
22-06-07 18:43:23 ** Connected.
22-06-07 18:43:23 << 220 smtp.gmail.com ESMTP jc9-20020a17090325c900b0016156e0c3cbsm12554755plb.156 - gsmtp<EOL>
22-06-07 18:43:23 >> EHLO LAPTOP-D27PJ6OL<EOL>
22-06-07 18:43:24 << 250-smtp.gmail.com at your service, [103.132.31.240]<EOL>250-SIZE 35882577<EOL>250-8BITMIME<EOL>250-STARTTLS<EOL>250-ENHANCEDSTATUSCODES<EOL>250-PIPELINING<EOL>250-CHUNKING<EOL>250 SMTPUTF8<EOL>
22-06-07 18:43:24 ** Authenticating as aniket.pawar19@vit.edu
22-06-07 18:43:24 >> STARTTLS<EOL>
22-06-07 18:43:24 << 220 2.0.0 Ready to start TLS<EOL>
22-06-07 18:43:24 >> EHLO LAPTOP-D27PJ6OL<EOL>
22-06-07 18:43:24 << 250-smtp.gmail.com at your service, [103.132.31.240]<EOL>250-SIZE 35882577<EOL>250-8BITMIME<EOL>250-AUTH LOGIN PLAIN XOAUTH2 PLAIN-CLIENTTOKEN OAUTHBEARER XOAUTH<EOL>250-ENHANCEDSTATUSCODES<EOL>250-PIPELINING<EOL>250-CHUNKING<EOL>250 SMTPUTF8<EOL>
22-06-07 18:43:24 >> AUTH LOGIN<EOL>
22-06-07 18:43:24 << 334 VXNlcm5hbWU6<EOL>
22-06-07 18:43:24 >> YW5pa2V0LnBhd2FyMTlAdml0LmVkdQ==<EOL>
22-06-07 18:43:25 << 334 UGFzc3dvcmQ6<EOL>
22-06-07 18:43:25 >> QW51QDEyMzQ=<EOL>
22-06-07 18:43:25 << 235 2.7.0 Accepted<EOL>
22-06-07 18:43:25 >> MAIL FROM: <aniket.pawar19@vit.edu><EOL>
22-06-07 18:43:25 << 250 2.1.0 OK jc9-20020a17090325c900b0016156e0c3cbsm12554755plb.156 - gsmtp<EOL>
22-06-07 18:43:25 >> RCPT TO: <aniketpawar0351@gmail.com><EOL>
22-06-07 18:43:26 << 250 2.1.5 OK jc9-20020a17090325c900b0016156e0c3cbsm12554755plb.156 - gsmtp<EOL>
22-06-07 18:43:26 >> DATA<EOL>
22-06-07 18:43:26 << 354  Go ahead jc9-20020a17090325c900b0016156e0c3cbsm12554755plb.156 - gsmtp<EOL>
22-06-07 18:43:26 >> Date: Tue, 7 Jun 2022 18:43:26 +0530<EOL>
22-06-07 18:43:26 >> To: aniketpawar0351@gmail.com<EOL>
22-06-07 18:43:26 >> Subject: this is test email<EOL>
22-06-07 18:43:26 >> From: aniket.pawar19@vit.edu<EOL>
22-06-07 18:43:26 >> <EOL>
22-06-07 18:43:26 >> One Time Password for PHP login authentication is:<br/><br/>700914<EOL>
22-06-07 18:43:26 >> .<EOL>
22-06-07 18:43:27 << 250 2.0.0 OK  1654607607 jc9-20020a17090325c900b0016156e0c3cbsm12554755plb.156 - gsmtp<EOL>
22-06-07 18:43:27 >> QUIT<EOL>
22-06-07 18:43:27 << 221 2.0.0 closing connection jc9-20020a17090325c900b0016156e0c3cbsm12554755plb.156 - gsmtp<EOL>
22-06-07 18:43:27 ** Disconnecting from smtp.gmail.com:587
22-06-07 18:43:27 ** Disconnected.
22-06-07 18:43:27 ** Disconnected.
22-06-07 18:46:47 ** --- MESSAGE BEGIN ---
22-06-07 18:46:47 ** To: aniketpawar0351@gmail.com
22-06-07 18:46:47 ** Subject: this is test email
22-06-07 18:46:47 ** From: aniket.pawar19@vit.edu
22-06-07 18:46:47 ** 
22-06-07 18:46:47 ** One Time Password for PHP login authentication is:<br/><br/>884475
22-06-07 18:46:47 ** --- MESSAGE END ---
22-06-07 18:46:47 ** Connecting to smtp.gmail.com:587
22-06-07 18:46:47 ** Connected.
22-06-07 18:46:47 << 220 smtp.gmail.com ESMTP y20-20020a170902d65400b00163cc9d6a04sm12592931plh.299 - gsmtp<EOL>
22-06-07 18:46:47 >> EHLO LAPTOP-D27PJ6OL<EOL>
22-06-07 18:46:48 << 250-smtp.gmail.com at your service, [103.132.31.240]<EOL>250-SIZE 35882577<EOL>250-8BITMIME<EOL>250-STARTTLS<EOL>250-ENHANCEDSTATUSCODES<EOL>250-PIPELINING<EOL>250-CHUNKING<EOL>250 SMTPUTF8<EOL>
22-06-07 18:46:48 ** Authenticating as aniket.pawar19@vit.edu
22-06-07 18:46:48 >> STARTTLS<EOL>
22-06-07 18:46:48 << 220 2.0.0 Ready to start TLS<EOL>
22-06-07 18:46:48 >> EHLO LAPTOP-D27PJ6OL<EOL>
22-06-07 18:46:48 << 250-smtp.gmail.com at your service, [103.132.31.240]<EOL>250-SIZE 35882577<EOL>250-8BITMIME<EOL>250-AUTH LOGIN PLAIN XOAUTH2 PLAIN-CLIENTTOKEN OAUTHBEARER XOAUTH<EOL>250-ENHANCEDSTATUSCODES<EOL>250-PIPELINING<EOL>250-CHUNKING<EOL>250 SMTPUTF8<EOL>
22-06-07 18:46:48 >> AUTH LOGIN<EOL>
22-06-07 18:46:48 << 334 VXNlcm5hbWU6<EOL>
22-06-07 18:46:48 >> YW5pa2V0LnBhd2FyMTlAdml0LmVkdQ==<EOL>
22-06-07 18:46:49 << 334 UGFzc3dvcmQ6<EOL>
22-06-07 18:46:49 >> QW51QDEyMzQ=<EOL>
22-06-07 18:46:49 << 235 2.7.0 Accepted<EOL>
22-06-07 18:46:49 >> MAIL FROM: <aniket.pawar19@vit.edu><EOL>
22-06-07 18:46:49 << 250 2.1.0 OK y20-20020a170902d65400b00163cc9d6a04sm12592931plh.299 - gsmtp<EOL>
22-06-07 18:46:49 >> RCPT TO: <aniketpawar0351@gmail.com><EOL>
22-06-07 18:46:50 << 250 2.1.5 OK y20-20020a170902d65400b00163cc9d6a04sm12592931plh.299 - gsmtp<EOL>
22-06-07 18:46:50 >> DATA<EOL>
22-06-07 18:46:50 << 354  Go ahead y20-20020a170902d65400b00163cc9d6a04sm12592931plh.299 - gsmtp<EOL>
22-06-07 18:46:50 >> Date: Tue, 7 Jun 2022 18:46:50 +0530<EOL>
22-06-07 18:46:50 >> To: aniketpawar0351@gmail.com<EOL>
22-06-07 18:46:50 >> Subject: this is test email<EOL>
22-06-07 18:46:50 >> From: aniket.pawar19@vit.edu<EOL>
22-06-07 18:46:50 >> <EOL>
22-06-07 18:46:50 >> One Time Password for PHP login authentication is:<br/><br/>884475<EOL>
22-06-07 18:46:50 >> .<EOL>
22-06-07 18:46:51 << 250 2.0.0 OK  1654607810 y20-20020a170902d65400b00163cc9d6a04sm12592931plh.299 - gsmtp<EOL>
22-06-07 18:46:51 >> QUIT<EOL>
22-06-07 18:46:51 << 221 2.0.0 closing connection y20-20020a170902d65400b00163cc9d6a04sm12592931plh.299 - gsmtp<EOL>
22-06-07 18:46:51 ** Disconnecting from smtp.gmail.com:587
22-06-07 18:46:51 ** Disconnected.
22-06-07 18:46:51 ** Disconnected.
22-06-07 19:13:12 ** --- MESSAGE BEGIN ---
22-06-07 19:13:12 ** To: aniketpawar0351@gmail.com
22-06-07 19:13:12 ** Subject: this is our test email
22-06-07 19:13:12 ** From: aniketpawar0351@gmail.com
22-06-07 19:13:12 ** 
22-06-07 19:13:12 ** One Time Password for PHP login authentication is:<br/><br/>443562
22-06-07 19:13:12 ** --- MESSAGE END ---
22-06-07 19:13:12 ** Connecting to smtp.gmail.com:587
22-06-07 19:13:13 ** Connected.
22-06-07 19:13:13 << 220 smtp.gmail.com ESMTP e14-20020a170902784e00b001679a4711e5sm1160718pln.108 - gsmtp<EOL>
22-06-07 19:13:13 >> EHLO LAPTOP-D27PJ6OL<EOL>
22-06-07 19:13:13 << 250-smtp.gmail.com at your service, [103.132.31.240]<EOL>250-SIZE 35882577<EOL>250-8BITMIME<EOL>250-STARTTLS<EOL>250-ENHANCEDSTATUSCODES<EOL>250-PIPELINING<EOL>250-CHUNKING<EOL>250 SMTPUTF8<EOL>
22-06-07 19:13:13 ** Authenticating as aniket.pawar19@vit.edu
22-06-07 19:13:13 >> STARTTLS<EOL>
22-06-07 19:13:13 << 220 2.0.0 Ready to start TLS<EOL>
22-06-07 19:13:13 >> EHLO LAPTOP-D27PJ6OL<EOL>
22-06-07 19:13:13 << 250-smtp.gmail.com at your service, [103.132.31.240]<EOL>250-SIZE 35882577<EOL>250-8BITMIME<EOL>250-AUTH LOGIN PLAIN XOAUTH2 PLAIN-CLIENTTOKEN OAUTHBEARER XOAUTH<EOL>250-ENHANCEDSTATUSCODES<EOL>250-PIPELINING<EOL>250-CHUNKING<EOL>250 SMTPUTF8<EOL>
22-06-07 19:13:13 >> AUTH LOGIN<EOL>
22-06-07 19:13:14 << 334 VXNlcm5hbWU6<EOL>
22-06-07 19:13:14 >> YW5pa2V0LnBhd2FyMTlAdml0LmVkdQ==<EOL>
22-06-07 19:13:14 << 334 UGFzc3dvcmQ6<EOL>
22-06-07 19:13:14 >> QW51QDEyMzQ=<EOL>
22-06-07 19:13:14 << 235 2.7.0 Accepted<EOL>
22-06-07 19:13:14 >> MAIL FROM: <aniket.pawar19@vit.edu><EOL>
22-06-07 19:13:15 << 250 2.1.0 OK e14-20020a170902784e00b001679a4711e5sm1160718pln.108 - gsmtp<EOL>
22-06-07 19:13:15 >> RCPT TO: <aniketpawar0351@gmail.com><EOL>
22-06-07 19:13:15 << 250 2.1.5 OK e14-20020a170902784e00b001679a4711e5sm1160718pln.108 - gsmtp<EOL>
22-06-07 19:13:15 >> DATA<EOL>
22-06-07 19:13:15 << 354  Go ahead e14-20020a170902784e00b001679a4711e5sm1160718pln.108 - gsmtp<EOL>
22-06-07 19:13:15 >> Date: Tue, 7 Jun 2022 19:13:15 +0530<EOL>
22-06-07 19:13:15 >> To: aniketpawar0351@gmail.com<EOL>
22-06-07 19:13:15 >> Subject: this is our test email<EOL>
22-06-07 19:13:15 >> From: aniketpawar0351@gmail.com<EOL>
22-06-07 19:13:15 >> <EOL>
22-06-07 19:13:15 >> One Time Password for PHP login authentication is:<br/><br/>443562<EOL>
22-06-07 19:13:15 >> .<EOL>
22-06-07 19:13:16 << 250 2.0.0 OK  1654609396 e14-20020a170902784e00b001679a4711e5sm1160718pln.108 - gsmtp<EOL>
22-06-07 19:13:16 >> QUIT<EOL>
22-06-07 19:13:16 << 221 2.0.0 closing connection e14-20020a170902784e00b001679a4711e5sm1160718pln.108 - gsmtp<EOL>
22-06-07 19:13:16 ** Disconnecting from smtp.gmail.com:587
22-06-07 19:13:16 ** Disconnected.
22-06-07 19:13:16 ** Disconnected.
22-06-07 19:14:07 ** --- MESSAGE BEGIN ---
22-06-07 19:14:07 ** To: aniketpawar0351@gmail.com
22-06-07 19:14:07 ** Subject: this is our test email
22-06-07 19:14:07 ** From: aniketpawar0351@gmail.com
22-06-07 19:14:07 ** 
22-06-07 19:14:07 ** One Time Password for PHP login authentication is:<br/><br/>760491
22-06-07 19:14:07 ** --- MESSAGE END ---
22-06-07 19:14:07 ** Connecting to smtp.gmail.com:587
22-06-07 19:14:08 ** Connected.
22-06-07 19:14:08 << 220 smtp.gmail.com ESMTP k14-20020aa792ce000000b0050dc76281b5sm13242942pfa.143 - gsmtp<EOL>
22-06-07 19:14:08 >> EHLO LAPTOP-D27PJ6OL<EOL>
22-06-07 19:14:08 << 250-smtp.gmail.com at your service, [103.132.31.240]<EOL>250-SIZE 35882577<EOL>250-8BITMIME<EOL>250-STARTTLS<EOL>250-ENHANCEDSTATUSCODES<EOL>250-PIPELINING<EOL>250-CHUNKING<EOL>250 SMTPUTF8<EOL>
22-06-07 19:14:08 ** Authenticating as aniket.pawar19@vit.edu
22-06-07 19:14:08 >> STARTTLS<EOL>
22-06-07 19:14:08 << 220 2.0.0 Ready to start TLS<EOL>
22-06-07 19:14:08 >> EHLO LAPTOP-D27PJ6OL<EOL>
22-06-07 19:14:09 << 250-smtp.gmail.com at your service, [103.132.31.240]<EOL>250-SIZE 35882577<EOL>250-8BITMIME<EOL>250-AUTH LOGIN PLAIN XOAUTH2 PLAIN-CLIENTTOKEN OAUTHBEARER XOAUTH<EOL>250-ENHANCEDSTATUSCODES<EOL>250-PIPELINING<EOL>250-CHUNKING<EOL>250 SMTPUTF8<EOL>
22-06-07 19:14:09 >> AUTH LOGIN<EOL>
22-06-07 19:14:09 << 334 VXNlcm5hbWU6<EOL>
22-06-07 19:14:09 >> YW5pa2V0LnBhd2FyMTlAdml0LmVkdQ==<EOL>
22-06-07 19:14:09 << 334 UGFzc3dvcmQ6<EOL>
22-06-07 19:14:09 >> QW51QDEyMzQ=<EOL>
22-06-07 19:14:10 << 235 2.7.0 Accepted<EOL>
22-06-07 19:14:10 >> MAIL FROM: <aniket.pawar19@vit.edu><EOL>
22-06-07 19:14:10 << 250 2.1.0 OK k14-20020aa792ce000000b0050dc76281b5sm13242942pfa.143 - gsmtp<EOL>
22-06-07 19:14:10 >> RCPT TO: <aniketpawar0351@gmail.com><EOL>
22-06-07 19:14:10 << 250 2.1.5 OK k14-20020aa792ce000000b0050dc76281b5sm13242942pfa.143 - gsmtp<EOL>
22-06-07 19:14:10 >> DATA<EOL>
22-06-07 19:14:10 << 354  Go ahead k14-20020aa792ce000000b0050dc76281b5sm13242942pfa.143 - gsmtp<EOL>
22-06-07 19:14:10 >> Date: Tue, 7 Jun 2022 19:14:10 +0530<EOL>
22-06-07 19:14:10 >> To: aniketpawar0351@gmail.com<EOL>
22-06-07 19:14:10 >> Subject: this is our test email<EOL>
22-06-07 19:14:10 >> From: aniketpawar0351@gmail.com<EOL>
22-06-07 19:14:10 >> <EOL>
22-06-07 19:14:10 >> One Time Password for PHP login authentication is:<br/><br/>760491<EOL>
22-06-07 19:14:10 >> .<EOL>
22-06-07 19:14:11 << 250 2.0.0 OK  1654609451 k14-20020aa792ce000000b0050dc76281b5sm13242942pfa.143 - gsmtp<EOL>
22-06-07 19:14:11 >> QUIT<EOL>
22-06-07 19:14:11 << 221 2.0.0 closing connection k14-20020aa792ce000000b0050dc76281b5sm13242942pfa.143 - gsmtp<EOL>
22-06-07 19:14:11 ** Disconnecting from smtp.gmail.com:587
22-06-07 19:14:11 ** Disconnected.
22-06-07 19:14:11 ** Disconnected.
22-06-07 19:17:53 ** --- MESSAGE BEGIN ---
22-06-07 19:17:53 ** To: aniketpawar0351@gmail.com
22-06-07 19:17:53 ** Subject: this is our test email
22-06-07 19:17:53 ** From: aniketpawar0351@gmail.com
22-06-07 19:17:53 ** 
22-06-07 19:17:53 ** One Time Password for PHP login authentication is:<br/><br/>516331
22-06-07 19:17:53 ** --- MESSAGE END ---
22-06-07 19:17:54 ** Connecting to smtp.gmail.com:587
22-06-07 19:17:54 ** Connected.
22-06-07 19:17:54 << 220 smtp.gmail.com ESMTP z28-20020aa7991c000000b0050dc76281bdsm12855441pff.151 - gsmtp<EOL>
22-06-07 19:17:54 >> EHLO LAPTOP-D27PJ6OL<EOL>
22-06-07 19:17:54 << 250-smtp.gmail.com at your service, [103.132.31.240]<EOL>250-SIZE 35882577<EOL>250-8BITMIME<EOL>250-STARTTLS<EOL>250-ENHANCEDSTATUSCODES<EOL>250-PIPELINING<EOL>250-CHUNKING<EOL>250 SMTPUTF8<EOL>
22-06-07 19:17:54 ** Authenticating as aniket.pawar19@vit.edu
22-06-07 19:17:54 >> STARTTLS<EOL>
22-06-07 19:17:54 << 220 2.0.0 Ready to start TLS<EOL>
22-06-07 19:17:55 >> EHLO LAPTOP-D27PJ6OL<EOL>
22-06-07 19:17:55 << 250-smtp.gmail.com at your service, [103.132.31.240]<EOL>250-SIZE 35882577<EOL>250-8BITMIME<EOL>250-AUTH LOGIN PLAIN XOAUTH2 PLAIN-CLIENTTOKEN OAUTHBEARER XOAUTH<EOL>250-ENHANCEDSTATUSCODES<EOL>250-PIPELINING<EOL>250-CHUNKING<EOL>250 SMTPUTF8<EOL>
22-06-07 19:17:55 >> AUTH LOGIN<EOL>
22-06-07 19:17:55 << 334 VXNlcm5hbWU6<EOL>
22-06-07 19:17:55 >> YW5pa2V0LnBhd2FyMTlAdml0LmVkdQ==<EOL>
22-06-07 19:17:55 << 334 UGFzc3dvcmQ6<EOL>
22-06-07 19:17:55 >> QW51QDEyMzQ=<EOL>
22-06-07 19:17:56 << 235 2.7.0 Accepted<EOL>
22-06-07 19:17:56 >> MAIL FROM: <aniket.pawar19@vit.edu><EOL>
22-06-07 19:17:56 << 250 2.1.0 OK z28-20020aa7991c000000b0050dc76281bdsm12855441pff.151 - gsmtp<EOL>
22-06-07 19:17:56 >> RCPT TO: <aniketpawar0351@gmail.com><EOL>
22-06-07 19:17:56 << 250 2.1.5 OK z28-20020aa7991c000000b0050dc76281bdsm12855441pff.151 - gsmtp<EOL>
22-06-07 19:17:56 >> DATA<EOL>
22-06-07 19:17:56 << 354  Go ahead z28-20020aa7991c000000b0050dc76281bdsm12855441pff.151 - gsmtp<EOL>
22-06-07 19:17:56 >> Date: Tue, 7 Jun 2022 19:17:56 +0530<EOL>
22-06-07 19:17:56 >> To: aniketpawar0351@gmail.com<EOL>
22-06-07 19:17:56 >> Subject: this is our test email<EOL>
22-06-07 19:17:56 >> From: aniketpawar0351@gmail.com<EOL>
22-06-07 19:17:56 >> <EOL>
22-06-07 19:17:56 >> One Time Password for PHP login authentication is:<br/><br/>516331<EOL>
22-06-07 19:17:56 >> .<EOL>
22-06-07 19:17:57 << 250 2.0.0 OK  1654609677 z28-20020aa7991c000000b0050dc76281bdsm12855441pff.151 - gsmtp<EOL>
22-06-07 19:17:57 >> QUIT<EOL>
22-06-07 19:17:57 << 221 2.0.0 closing connection z28-20020aa7991c000000b0050dc76281bdsm12855441pff.151 - gsmtp<EOL>
22-06-07 19:17:57 ** Disconnecting from smtp.gmail.com:587
22-06-07 19:17:57 ** Disconnected.
22-06-07 19:17:57 ** Disconnected.
22-06-07 19:20:25 ** --- MESSAGE BEGIN ---
22-06-07 19:20:25 ** To: aniketpawar0351@gmail.com
22-06-07 19:20:25 ** Subject: this is our test email
22-06-07 19:20:25 ** From: aniketpawar0351@gmail.com
22-06-07 19:20:25 ** 
22-06-07 19:20:25 ** One Time Password for PHP login authentication is:<br/><br/>906089
22-06-07 19:20:25 ** --- MESSAGE END ---
22-06-07 19:20:25 ** Connecting to smtp.gmail.com:587
22-06-07 19:20:25 ** Connected.
22-06-07 19:20:25 << 220 smtp.gmail.com ESMTP d15-20020aa797af000000b0051bbc198f3fsm12333397pfq.13 - gsmtp<EOL>
22-06-07 19:20:25 >> EHLO LAPTOP-D27PJ6OL<EOL>
22-06-07 19:20:26 << 250-smtp.gmail.com at your service, [103.132.31.240]<EOL>250-SIZE 35882577<EOL>250-8BITMIME<EOL>250-STARTTLS<EOL>250-ENHANCEDSTATUSCODES<EOL>250-PIPELINING<EOL>250-CHUNKING<EOL>250 SMTPUTF8<EOL>
22-06-07 19:20:26 ** Authenticating as aniket.pawar19@vit.edu
22-06-07 19:20:26 >> STARTTLS<EOL>
22-06-07 19:20:26 << 220 2.0.0 Ready to start TLS<EOL>
22-06-07 19:20:26 >> EHLO LAPTOP-D27PJ6OL<EOL>
22-06-07 19:20:26 << 250-smtp.gmail.com at your service, [103.132.31.240]<EOL>250-SIZE 35882577<EOL>250-8BITMIME<EOL>250-AUTH LOGIN PLAIN XOAUTH2 PLAIN-CLIENTTOKEN OAUTHBEARER XOAUTH<EOL>250-ENHANCEDSTATUSCODES<EOL>250-PIPELINING<EOL>250-CHUNKING<EOL>250 SMTPUTF8<EOL>
22-06-07 19:20:26 >> AUTH LOGIN<EOL>
22-06-07 19:20:26 << 334 VXNlcm5hbWU6<EOL>
22-06-07 19:20:26 >> YW5pa2V0LnBhd2FyMTlAdml0LmVkdQ==<EOL>
22-06-07 19:20:27 << 334 UGFzc3dvcmQ6<EOL>
22-06-07 19:20:27 >> QW51QDEyMzQ=<EOL>
22-06-07 19:20:27 << 235 2.7.0 Accepted<EOL>
22-06-07 19:20:27 >> MAIL FROM: <aniket.pawar19@vit.edu><EOL>
22-06-07 19:20:27 << 250 2.1.0 OK d15-20020aa797af000000b0051bbc198f3fsm12333397pfq.13 - gsmtp<EOL>
22-06-07 19:20:27 >> RCPT TO: <aniketpawar0351@gmail.com><EOL>
22-06-07 19:20:28 << 250 2.1.5 OK d15-20020aa797af000000b0051bbc198f3fsm12333397pfq.13 - gsmtp<EOL>
22-06-07 19:20:28 >> DATA<EOL>
22-06-07 19:20:28 << 354  Go ahead d15-20020aa797af000000b0051bbc198f3fsm12333397pfq.13 - gsmtp<EOL>
22-06-07 19:20:28 >> Date: Tue, 7 Jun 2022 19:20:28 +0530<EOL>
22-06-07 19:20:28 >> To: aniketpawar0351@gmail.com<EOL>
22-06-07 19:20:28 >> Subject: this is our test email<EOL>
22-06-07 19:20:28 >> From: aniketpawar0351@gmail.com<EOL>
22-06-07 19:20:28 >> <EOL>
22-06-07 19:20:28 >> One Time Password for PHP login authentication is:<br/><br/>906089<EOL>
22-06-07 19:20:28 >> .<EOL>
22-06-07 19:20:29 << 250 2.0.0 OK  1654609829 d15-20020aa797af000000b0051bbc198f3fsm12333397pfq.13 - gsmtp<EOL>
22-06-07 19:20:29 >> QUIT<EOL>
22-06-07 19:20:29 << 221 2.0.0 closing connection d15-20020aa797af000000b0051bbc198f3fsm12333397pfq.13 - gsmtp<EOL>
22-06-07 19:20:29 ** Disconnecting from smtp.gmail.com:587
22-06-07 19:20:29 ** Disconnected.
22-06-07 19:20:29 ** Disconnected.
22-06-07 19:30:43 ** --- MESSAGE BEGIN ---
22-06-07 19:30:43 ** To: aniketpawar0351@gmail.com
22-06-07 19:30:43 ** Subject: this is our test email
22-06-07 19:30:43 ** From: aniketpawar0351@gmail.com
22-06-07 19:30:43 ** 
22-06-07 19:30:43 ** One Time Password for PHP login authentication is:<br/><br/>272111
22-06-07 19:30:43 ** --- MESSAGE END ---
22-06-07 19:30:43 ** Connecting to smtp.gmail.com:587
22-06-07 19:30:43 ** Connected.
22-06-07 19:30:43 << 220 smtp.gmail.com ESMTP d12-20020aa7814c000000b0051877c10ec4sm13358032pfn.175 - gsmtp<EOL>
22-06-07 19:30:43 >> EHLO LAPTOP-D27PJ6OL<EOL>
22-06-07 19:30:44 << 250-smtp.gmail.com at your service, [103.132.31.240]<EOL>250-SIZE 35882577<EOL>250-8BITMIME<EOL>250-STARTTLS<EOL>250-ENHANCEDSTATUSCODES<EOL>250-PIPELINING<EOL>250-CHUNKING<EOL>250 SMTPUTF8<EOL>
22-06-07 19:30:44 ** Authenticating as aniket.pawar19@vit.edu
22-06-07 19:30:44 >> STARTTLS<EOL>
22-06-07 19:30:44 << 220 2.0.0 Ready to start TLS<EOL>
22-06-07 19:30:44 >> EHLO LAPTOP-D27PJ6OL<EOL>
22-06-07 19:30:44 << 250-smtp.gmail.com at your service, [103.132.31.240]<EOL>250-SIZE 35882577<EOL>250-8BITMIME<EOL>250-AUTH LOGIN PLAIN XOAUTH2 PLAIN-CLIENTTOKEN OAUTHBEARER XOAUTH<EOL>250-ENHANCEDSTATUSCODES<EOL>250-PIPELINING<EOL>250-CHUNKING<EOL>250 SMTPUTF8<EOL>
22-06-07 19:30:44 >> AUTH LOGIN<EOL>
22-06-07 19:30:44 << 334 VXNlcm5hbWU6<EOL>
22-06-07 19:30:44 >> YW5pa2V0LnBhd2FyMTlAdml0LmVkdQ==<EOL>
22-06-07 19:30:45 << 334 UGFzc3dvcmQ6<EOL>
22-06-07 19:30:45 >> QW51QDEyMzQ=<EOL>
22-06-07 19:30:45 << 235 2.7.0 Accepted<EOL>
22-06-07 19:30:45 >> MAIL FROM: <aniket.pawar19@vit.edu><EOL>
22-06-07 19:30:45 << 250 2.1.0 OK d12-20020aa7814c000000b0051877c10ec4sm13358032pfn.175 - gsmtp<EOL>
22-06-07 19:30:45 >> RCPT TO: <aniketpawar0351@gmail.com><EOL>
22-06-07 19:30:46 << 250 2.1.5 OK d12-20020aa7814c000000b0051877c10ec4sm13358032pfn.175 - gsmtp<EOL>
22-06-07 19:30:46 >> DATA<EOL>
22-06-07 19:30:46 << 354  Go ahead d12-20020aa7814c000000b0051877c10ec4sm13358032pfn.175 - gsmtp<EOL>
22-06-07 19:30:46 >> Date: Tue, 7 Jun 2022 19:30:46 +0530<EOL>
22-06-07 19:30:46 >> To: aniketpawar0351@gmail.com<EOL>
22-06-07 19:30:46 >> Subject: this is our test email<EOL>
22-06-07 19:30:46 >> From: aniketpawar0351@gmail.com<EOL>
22-06-07 19:30:46 >> <EOL>
22-06-07 19:30:46 >> One Time Password for PHP login authentication is:<br/><br/>272111<EOL>
22-06-07 19:30:46 >> .<EOL>
22-06-07 19:30:48 << 250 2.0.0 OK  1654610447 d12-20020aa7814c000000b0051877c10ec4sm13358032pfn.175 - gsmtp<EOL>
22-06-07 19:30:48 >> QUIT<EOL>
22-06-07 19:30:48 << 221 2.0.0 closing connection d12-20020aa7814c000000b0051877c10ec4sm13358032pfn.175 - gsmtp<EOL>
22-06-07 19:30:48 ** Disconnecting from smtp.gmail.com:587
22-06-07 19:30:48 ** Disconnected.
22-06-07 19:30:48 ** Disconnected.
22-06-07 19:34:14 ** --- MESSAGE BEGIN ---
22-06-07 19:34:14 ** To: aniketpawar0351@gmail.com
22-06-07 19:34:14 ** Subject: this is test email
22-06-07 19:34:14 ** From: aniket.pawar19@vit.edu
22-06-07 19:34:14 ** 
22-06-07 19:34:14 ** One Time Password for PHP login authentication is:<br/><br/>963423
22-06-07 19:34:14 ** --- MESSAGE END ---
22-06-07 19:34:15 ** Connecting to smtp.gmail.com:587
22-06-07 19:34:15 ** Connected.
22-06-07 19:34:15 << 220 smtp.gmail.com ESMTP f5-20020a170902684500b0015e8d4eb26csm12661845pln.182 - gsmtp<EOL>
22-06-07 19:34:15 >> EHLO LAPTOP-D27PJ6OL<EOL>
22-06-07 19:34:15 << 250-smtp.gmail.com at your service, [103.132.31.240]<EOL>250-SIZE 35882577<EOL>250-8BITMIME<EOL>250-STARTTLS<EOL>250-ENHANCEDSTATUSCODES<EOL>250-PIPELINING<EOL>250-CHUNKING<EOL>250 SMTPUTF8<EOL>
22-06-07 19:34:15 ** Authenticating as aniket.pawar19@vit.edu
22-06-07 19:34:15 >> STARTTLS<EOL>
22-06-07 19:34:15 << 220 2.0.0 Ready to start TLS<EOL>
22-06-07 19:34:16 >> EHLO LAPTOP-D27PJ6OL<EOL>
22-06-07 19:34:16 << 250-smtp.gmail.com at your service, [103.132.31.240]<EOL>250-SIZE 35882577<EOL>250-8BITMIME<EOL>250-AUTH LOGIN PLAIN XOAUTH2 PLAIN-CLIENTTOKEN OAUTHBEARER XOAUTH<EOL>250-ENHANCEDSTATUSCODES<EOL>250-PIPELINING<EOL>250-CHUNKING<EOL>250 SMTPUTF8<EOL>
22-06-07 19:34:16 >> AUTH LOGIN<EOL>
22-06-07 19:34:16 << 334 VXNlcm5hbWU6<EOL>
22-06-07 19:34:16 >> YW5pa2V0LnBhd2FyMTlAdml0LmVkdQ==<EOL>
22-06-07 19:34:16 << 334 UGFzc3dvcmQ6<EOL>
22-06-07 19:34:16 >> QW51QDEyMzQ=<EOL>
22-06-07 19:34:17 << 235 2.7.0 Accepted<EOL>
22-06-07 19:34:17 >> MAIL FROM: <aniket.pawar19@vit.edu><EOL>
22-06-07 19:34:17 << 250 2.1.0 OK f5-20020a170902684500b0015e8d4eb26csm12661845pln.182 - gsmtp<EOL>
22-06-07 19:34:17 >> RCPT TO: <aniketpawar0351@gmail.com><EOL>
22-06-07 19:34:17 << 250 2.1.5 OK f5-20020a170902684500b0015e8d4eb26csm12661845pln.182 - gsmtp<EOL>
22-06-07 19:34:17 >> DATA<EOL>
22-06-07 19:34:18 << 354  Go ahead f5-20020a170902684500b0015e8d4eb26csm12661845pln.182 - gsmtp<EOL>
22-06-07 19:34:18 >> Date: Tue, 7 Jun 2022 19:34:18 +0530<EOL>
22-06-07 19:34:18 >> To: aniketpawar0351@gmail.com<EOL>
22-06-07 19:34:18 >> Subject: this is test email<EOL>
22-06-07 19:34:18 >> From: aniket.pawar19@vit.edu<EOL>
22-06-07 19:34:18 >> <EOL>
22-06-07 19:34:18 >> One Time Password for PHP login authentication is:<br/><br/>963423<EOL>
22-06-07 19:34:18 >> .<EOL>
22-06-07 19:34:18 << 250 2.0.0 OK  1654610658 f5-20020a170902684500b0015e8d4eb26csm12661845pln.182 - gsmtp<EOL>
22-06-07 19:34:18 >> QUIT<EOL>
22-06-07 19:34:18 << 221 2.0.0 closing connection f5-20020a170902684500b0015e8d4eb26csm12661845pln.182 - gsmtp<EOL>
22-06-07 19:34:18 ** Disconnecting from smtp.gmail.com:587
22-06-07 19:34:18 ** Disconnected.
22-06-07 19:34:18 ** Disconnected.
