20-09-02 13:20:17 : Message is missing recipient's address
20-09-02 13:20:21 : Message is missing recipient's address
20-09-02 13:21:27 : Message is missing recipient's address
20-09-02 13:21:29 : Message is missing recipient's address
20-09-02 13:23:57 : Message is missing recipient's address
20-09-02 13:25:16 : Message is missing recipient's address
20-09-02 13:25:17 : Message is missing recipient's address
20-09-02 13:25:18 : Message is missing recipient's address
20-09-02 13:25:18 : Message is missing recipient's address
20-09-02 13:25:19 : Message is missing recipient's address
20-09-02 13:25:20 : Message is missing recipient's address
20-09-02 13:25:24 : Message is missing recipient's address
20-09-02 13:25:27 : Message is missing recipient's address
20-09-02 13:25:28 : Message is missing recipient's address
20-09-02 13:25:28 : Message is missing recipient's address
20-09-02 13:25:29 : Message is missing recipient's address
20-09-02 13:25:29 : Message is missing recipient's address
20-09-02 13:25:30 : Message is missing recipient's address
20-09-02 13:25:30 : Message is missing recipient's address
20-09-02 13:25:30 : Message is missing recipient's address
20-09-02 13:25:30 : Message is missing recipient's address
20-09-02 13:25:30 : Message is missing recipient's address
20-09-02 13:25:31 : Message is missing recipient's address
20-09-02 13:25:31 : Message is missing recipient's address
20-09-02 13:25:31 : Message is missing recipient's address
20-09-02 13:25:31 : Message is missing recipient's address
20-09-02 13:25:31 : Message is missing recipient's address
20-09-02 13:25:32 : Message is missing recipient's address
20-09-02 13:25:32 : Message is missing recipient's address
20-09-02 13:29:16 : Message is missing recipient's address
20-09-02 13:29:44 : Message is missing recipient's address
20-09-02 13:29:45 : Message is missing recipient's address
20-09-02 13:29:46 : Message is missing recipient's address
20-09-02 13:31:04 : Message is missing recipient's address
20-09-02 13:31:04 : Message is missing recipient's address
20-09-02 13:31:05 : Message is missing recipient's address
20-09-05 16:12:01 : Socket Error # 11001<EOL>Host not found.
20-09-05 16:12:02 : Socket Error # 11001<EOL>Host not found.
20-09-05 16:12:50 : Socket Error # 11001<EOL>Host not found.
20-09-05 16:12:51 : Socket Error # 11001<EOL>Host not found.
20-09-05 16:12:54 : Socket Error # 11001<EOL>Host not found.
20-09-05 16:12:55 : Socket Error # 11001<EOL>Host not found.
20-09-05 16:13:35 : Socket Error # 11001<EOL>Host not found.
20-09-05 16:13:36 : Socket Error # 11001<EOL>Host not found.
20-09-05 16:13:52 : Socket Error # 11001<EOL>Host not found.
20-09-05 16:13:53 : Socket Error # 11001<EOL>Host not found.
20-09-05 16:14:33 : Socket Error # 11001<EOL>Host not found.
20-09-05 16:14:34 : Socket Error # 11001<EOL>Host not found.
20-09-05 16:19:24 : Socket Error # 11001<EOL>Host not found.
20-09-05 16:19:25 : Socket Error # 11001<EOL>Host not found.
20-09-05 16:19:25 : Socket Error # 11001<EOL>Host not found.
20-09-05 16:19:26 : Socket Error # 11001<EOL>Host not found.
20-09-05 16:19:27 : Socket Error # 11001<EOL>Host not found.
20-09-05 16:19:28 : Socket Error # 11001<EOL>Host not found.
20-09-05 16:19:49 : Socket Error # 11001<EOL>Host not found.
20-09-05 16:19:50 : Socket Error # 11001<EOL>Host not found.
20-09-05 16:20:00 : Socket Error # 11001<EOL>Host not found.
20-09-05 16:20:01 : Socket Error # 11001<EOL>Host not found.
20-09-05 16:20:38 : Socket Error # 11001<EOL>Host not found.
20-09-05 16:20:39 : Socket Error # 11001<EOL>Host not found.
20-09-05 16:20:42 : Socket Error # 11001<EOL>Host not found.
20-09-05 16:20:43 : Socket Error # 11001<EOL>Host not found.
20-09-05 16:21:06 : Socket Error # 11001<EOL>Host not found.
20-09-05 16:21:07 : Socket Error # 11001<EOL>Host not found.
20-09-05 16:25:29 : Socket Error # 11001<EOL>Host not found.
20-09-05 16:25:30 : Socket Error # 11001<EOL>Host not found.
20-09-05 16:25:30 : Socket Error # 11001<EOL>Host not found.
20-09-05 16:25:30 : Socket Error # 11001<EOL>Host not found.
20-09-05 16:25:31 : Socket Error # 11001<EOL>Host not found.
20-09-05 16:25:31 : Socket Error # 11001<EOL>Host not found.
20-09-05 16:26:14 : Socket Error # 11001<EOL>Host not found.
20-09-05 16:26:15 : Socket Error # 11001<EOL>Host not found.
20-09-05 16:26:16 : Socket Error # 11001<EOL>Host not found.
20-09-05 16:27:29 : Socket Error # 11001<EOL>Host not found.
20-09-05 16:27:30 : Socket Error # 11001<EOL>Host not found.
20-09-05 16:27:31 : Socket Error # 11001<EOL>Host not found.
20-09-05 16:27:31 : Socket Error # 11001<EOL>Host not found.
20-09-05 16:27:32 : Socket Error # 11001<EOL>Host not found.
20-09-05 16:27:32 : Socket Error # 11001<EOL>Host not found.
20-09-05 16:30:11 : Socket Error # 11001<EOL>Host not found.
20-09-05 16:30:12 : Socket Error # 11001<EOL>Host not found.
20-09-05 16:30:13 : Socket Error # 11001<EOL>Host not found.
20-09-05 16:31:42 : Socket Error # 11001<EOL>Host not found.
20-09-05 16:31:43 : Socket Error # 11001<EOL>Host not found.
20-09-05 16:31:46 : Socket Error # 11001<EOL>Host not found.
20-09-05 16:31:47 : Socket Error # 11001<EOL>Host not found.
20-09-05 16:32:12 : Socket Error # 11001<EOL>Host not found.
20-09-05 16:32:13 : Socket Error # 11001<EOL>Host not found.
20-09-05 16:32:13 : Socket Error # 11001<EOL>Host not found.
20-09-05 16:32:14 : Socket Error # 11001<EOL>Host not found.
20-09-05 16:32:58 : Socket Error # 11001<EOL>Host not found.
20-09-05 16:33:00 : Socket Error # 11001<EOL>Host not found.
20-09-05 16:33:37 : Socket Error # 11001<EOL>Host not found.
20-09-05 16:33:39 : Socket Error # 11001<EOL>Host not found.
20-09-05 16:33:48 : Socket Error # 11001<EOL>Host not found.
20-09-05 16:33:49 : Socket Error # 11001<EOL>Host not found.
20-09-07 16:41:55 : Socket Error # 11001<EOL>Host not found.
20-09-07 17:03:21 : Message is missing recipient's address
20-09-07 17:03:24 : Message is missing recipient's address
20-09-07 17:03:26 : Message is missing recipient's address
20-09-07 17:03:58 : Message is missing recipient's address
20-09-07 17:03:59 : Message is missing recipient's address
20-09-07 17:04:01 : Message is missing recipient's address
20-09-07 17:15:42 : Message is missing recipient's address
20-09-07 17:15:44 : Message is missing recipient's address
20-09-07 17:15:45 : Message is missing recipient's address
20-09-07 17:15:48 : Message is missing recipient's address
20-09-07 17:15:49 : Message is missing recipient's address
20-09-07 17:15:49 : Message is missing recipient's address
20-09-07 17:28:42 : Message is missing recipient's address
20-09-09 23:33:31 : Socket Error # 10054<EOL>Connection reset by peer.
20-11-02 11:22:11 : Username and Password not accepted. Learn more at<EOL> https://support.google.com/mail/?p=BadCredentials nh4sm10528341pjb.1 - gsmtp<EOL>
20-11-02 11:22:48 : Username and Password not accepted. Learn more at<EOL> https://support.google.com/mail/?p=BadCredentials n12sm10355252pjt.16 - gsmtp<EOL>
20-11-02 11:30:00 : Username and Password not accepted. Learn more at<EOL> https://support.google.com/mail/?p=BadCredentials 21sm5863406pfv.122 - gsmtp<EOL>
20-11-02 11:32:21 : Username and Password not accepted. Learn more at<EOL> https://support.google.com/mail/?p=BadCredentials l13sm10932398pgp.25 - gsmtp<EOL>
20-11-02 11:35:28 : Username and Password not accepted. Learn more at<EOL> https://support.google.com/mail/?p=BadCredentials 30sm12189371pgl.45 - gsmtp<EOL>
20-12-04 20:56:10 : Username and Password not accepted. Learn more at<EOL> https://support.google.com/mail/?p=BadCredentials v17sm4232216pga.58 - gsmtp<EOL>
20-12-04 23:20:48 : Message is missing recipient's address
20-12-04 23:53:46 : Message is missing recipient's address
21-03-19 14:22:09 : Username and Password not accepted. Learn more at<EOL> https://support.google.com/mail/?p=BadCredentials h2sm4508737pfq.139 - gsmtp<EOL>
21-04-06 13:46:52 : <https://accounts.google.com/signin/continue?sarp=1&scc=1&plt=AKgnsbv<EOL>pYjovd9uMSdXbUDedOajkZzFuSDckEvuPwpVHM4ic8jruDd66vYPW7WCzbu517rW7aMUS<EOL>74tCrqtT2r1G93h-W8y0Q1ieRkoUGgst9eG-mS4l0gG_VKXwQfeGtWlE18Por3xq><EOL>Please log in via your web browser and then try again.<EOL> Learn more at<EOL> https://support.google.com/mail/answer/78754 k138sm15167006qke.60 - gsmtp<EOL>
21-04-06 13:47:08 : <https://accounts.google.com/signin/continue?sarp=1&scc=1&plt=AKgnsbs<EOL>fSqnBTHg-wTDVMYKO0B0m0HZ0XqsAKkzTZOF91C7jWTZ57eLvrJQEiQ4pO9BSiAbl82uW<EOL>4NgnHSlZfxS6nZN4ckNyzGXaeC_abCT2O6Y5ZSjsiZ6TFb7E_1AlaRq603dhfcxv><EOL>Please log in via your web browser and then try again.<EOL> Learn more at<EOL> https://support.google.com/mail/answer/78754 d10sm15317841qko.70 - gsmtp<EOL>
21-06-13 11:28:43 : Username and Password not accepted. Learn more at<EOL> https://support.google.com/mail/?p=BadCredentials w10sm8946349pfg.196 - gsmtp<EOL>
